{"meta": {"format": 3, "version": "7.8.2", "timestamp": "2025-12-09T11:52:41.554491", "branch_coverage": false, "show_contexts": false}, "files": {"src/__init__.py": {"executed_lines": [1, 6, 7, 8, 9, 21, 22, 23, 25, 27], "summary": {"covered_lines": 9, "num_statements": 9, "percent_covered": 100.0, "percent_covered_display": "100", "missing_lines": 0, "excluded_lines": 0}, "missing_lines": [], "excluded_lines": [], "functions": {"": {"executed_lines": [1, 6, 7, 8, 9, 21, 22, 23, 25, 27], "summary": {"covered_lines": 9, "num_statements": 9, "percent_covered": 100.0, "percent_covered_display": "100", "missing_lines": 0, "excluded_lines": 0}, "missing_lines": [], "excluded_lines": []}}, "classes": {"": {"executed_lines": [1, 6, 7, 8, 9, 21, 22, 23, 25, 27], "summary": {"covered_lines": 9, "num_statements": 9, "percent_covered": 100.0, "percent_covered_display": "100", "missing_lines": 0, "excluded_lines": 0}, "missing_lines": [], "excluded_lines": []}}}, "src/cli.py": {"executed_lines": [1, 14, 15, 16, 18, 19, 20, 21, 22, 24, 25, 26, 27, 28, 29, 30, 33, 34, 36, 37, 38, 39, 40, 41, 44, 51, 52, 53, 55, 56, 57, 60, 66, 67, 69, 70, 72, 73, 74, 96, 97, 107, 110, 111, 117, 118, 119, 120, 122, 126, 127, 128, 129, 131, 137, 143, 144, 145, 146, 152, 153, 158, 160, 161, 163, 165, 166, 167, 184, 185, 189, 191, 192, 193, 195, 196, 197, 218, 219, 223, 225, 230, 232, 235, 238, 239, 240, 249, 250, 251, 253, 254, 255, 256, 257, 258, 259, 260, 262, 265, 273, 277, 278, 282, 283, 285, 286, 287, 326, 327, 334, 336, 341, 343, 350, 351, 352, 354, 356, 357, 358, 361, 362, 365, 373, 379, 380, 382, 383, 384, 387, 388, 389, 391, 392, 393, 398, 420, 426, 427, 432, 434, 435, 436, 438, 449, 450, 452, 454, 455, 456, 462, 463, 465, 467, 473, 479, 480, 485, 486, 489, 510], "summary": {"covered_lines": 160, "num_statements": 245, "percent_covered": 65.3061224489796, "percent_covered_display": "65", "missing_lines": 85, "excluded_lines": 0}, "missing_lines": [76, 77, 78, 79, 80, 81, 83, 84, 85, 93, 112, 113, 114, 133, 134, 147, 148, 149, 169, 170, 171, 172, 173, 176, 177, 180, 181, 200, 202, 212, 233, 241, 242, 243, 245, 246, 266, 267, 268, 269, 270, 274, 289, 290, 291, 292, 293, 294, 295, 296, 298, 299, 307, 308, 310, 320, 363, 394, 395, 439, 440, 441, 442, 443, 444, 445, 446, 458, 459, 468, 469, 470, 471, 494, 495, 496, 498, 499, 500, 502, 503, 504, 506, 507, 511], "excluded_lines": [], "functions": {"source_list": {"executed_lines": [69, 70, 72, 73, 74], "summary": {"covered_lines": 5, "num_statements": 15, "percent_covered": 33.333333333333336, "percent_covered_display": "33", "missing_lines": 10, "excluded_lines": 0}, "missing_lines": [76, 77, 78, 79, 80, 81, 83, 84, 85, 93], "excluded_lines": []}, "source_add": {"executed_lines": [107, 110, 111, 117, 118, 119, 120, 122, 126, 127, 128, 129, 131, 137, 143, 144, 145, 146], "summary": {"covered_lines": 18, "num_statements": 26, "percent_covered": 69.23076923076923, "percent_covered_display": "69", "missing_lines": 8, "excluded_lines": 0}, "missing_lines": [112, 113, 114, 133, 134, 147, 148, 149], "excluded_lines": []}, "source_remove": {"executed_lines": [158, 160, 161, 163, 165, 166, 167], "summary": {"covered_lines": 7, "num_statements": 16, "percent_covered": 43.75, "percent_covered_display": "44", "missing_lines": 9, "excluded_lines": 0}, "missing_lines": [169, 170, 171, 172, 173, 176, 177, 180, 181], "excluded_lines": []}, "source_show": {"executed_lines": [189, 191, 192, 193, 195, 196, 197], "summary": {"covered_lines": 7, "num_statements": 10, "percent_covered": 70.0, "percent_covered_display": "70", "missing_lines": 3, "excluded_lines": 0}, "missing_lines": [200, 202, 212], "excluded_lines": []}, "sync_run": {"executed_lines": [223, 225, 230, 232, 235, 238, 239, 240, 249, 250, 251, 253, 254, 255, 256, 257, 258, 259, 260, 262, 265, 273], "summary": {"covered_lines": 22, "num_statements": 33, "percent_covered": 66.66666666666667, "percent_covered_display": "67", "missing_lines": 11, "excluded_lines": 0}, "missing_lines": [241, 242, 243, 245, 246, 266, 267, 268, 269, 270, 274], "excluded_lines": []}, "sync_run.on_complete": {"executed_lines": [], "summary": {"covered_lines": 0, "num_statements": 1, "percent_covered": 0.0, "percent_covered_display": "0", "missing_lines": 1, "excluded_lines": 0}, "missing_lines": [233], "excluded_lines": []}, "sync_history": {"executed_lines": [282, 283, 285, 286, 287], "summary": {"covered_lines": 5, "num_statements": 19, "percent_covered": 26.31578947368421, "percent_covered_display": "26", "missing_lines": 14, "excluded_lines": 0}, "missing_lines": [289, 290, 291, 292, 293, 294, 295, 296, 298, 299, 307, 308, 310, 320], "excluded_lines": []}, "search": {"executed_lines": [334, 336, 341, 343, 350, 351, 352, 354, 356, 357, 358, 361, 362, 365, 373], "summary": {"covered_lines": 15, "num_statements": 16, "percent_covered": 93.75, "percent_covered_display": "94", "missing_lines": 1, "excluded_lines": 0}, "missing_lines": [363], "excluded_lines": []}, "status": {"executed_lines": [382, 383, 384, 387, 388, 389, 391, 392, 393, 398, 420], "summary": {"covered_lines": 11, "num_statements": 13, "percent_covered": 84.61538461538461, "percent_covered_display": "85", "missing_lines": 2, "excluded_lines": 0}, "missing_lines": [394, 395], "excluded_lines": []}, "scheduler_start": {"executed_lines": [432, 434, 435, 436, 438], "summary": {"covered_lines": 5, "num_statements": 13, "percent_covered": 38.46153846153846, "percent_covered_display": "38", "missing_lines": 8, "excluded_lines": 0}, "missing_lines": [439, 440, 441, 442, 443, 444, 445, 446], "excluded_lines": []}, "scheduler_stop": {"executed_lines": [452, 454, 455, 456], "summary": {"covered_lines": 4, "num_statements": 6, "percent_covered": 66.66666666666667, "percent_covered_display": "67", "missing_lines": 2, "excluded_lines": 0}, "missing_lines": [458, 459], "excluded_lines": []}, "scheduler_status": {"executed_lines": [465, 467, 473], "summary": {"covered_lines": 3, "num_statements": 7, "percent_covered": 42.857142857142854, "percent_covered_display": "43", "missing_lines": 4, "excluded_lines": 0}, "missing_lines": [468, 469, 470, 471], "excluded_lines": []}, "main": {"executed_lines": [485, 486], "summary": {"covered_lines": 2, "num_statements": 2, "percent_covered": 100.0, "percent_covered_display": "100", "missing_lines": 0, "excluded_lines": 0}, "missing_lines": [], "excluded_lines": []}, "cli": {"executed_lines": [], "summary": {"covered_lines": 0, "num_statements": 11, "percent_covered": 0.0, "percent_covered_display": "0", "missing_lines": 11, "excluded_lines": 0}, "missing_lines": [494, 495, 496, 498, 499, 500, 502, 503, 504, 506, 507], "excluded_lines": []}, "": {"executed_lines": [1, 14, 15, 16, 18, 19, 20, 21, 22, 24, 25, 26, 27, 28, 29, 30, 33, 34, 36, 37, 38, 39, 40, 41, 44, 51, 52, 53, 55, 56, 57, 60, 66, 67, 96, 97, 152, 153, 184, 185, 218, 219, 277, 278, 326, 327, 379, 380, 426, 427, 449, 450, 462, 463, 479, 480, 489, 510], "summary": {"covered_lines": 56, "num_statements": 57, "percent_covered": 98.24561403508773, "percent_covered_display": "98", "missing_lines": 1, "excluded_lines": 0}, "missing_lines": [511], "excluded_lines": []}}, "classes": {"ExitCode": {"executed_lines": [], "summary": {"covered_lines": 0, "num_statements": 0, "percent_covered": 100.0, "percent_covered_display": "100", "missing_lines": 0, "excluded_lines": 0}, "missing_lines": [], "excluded_lines": []}, "": {"executed_lines": [1, 14, 15, 16, 18, 19, 20, 21, 22, 24, 25, 26, 27, 28, 29, 30, 33, 34, 36, 37, 38, 39, 40, 41, 44, 51, 52, 53, 55, 56, 57, 60, 66, 67, 69, 70, 72, 73, 74, 96, 97, 107, 110, 111, 117, 118, 119, 120, 122, 126, 127, 128, 129, 131, 137, 143, 144, 145, 146, 152, 153, 158, 160, 161, 163, 165, 166, 167, 184, 185, 189, 191, 192, 193, 195, 196, 197, 218, 219, 223, 225, 230, 232, 235, 238, 239, 240, 249, 250, 251, 253, 254, 255, 256, 257, 258, 259, 260, 262, 265, 273, 277, 278, 282, 283, 285, 286, 287, 326, 327, 334, 336, 341, 343, 350, 351, 352, 354, 356, 357, 358, 361, 362, 365, 373, 379, 380, 382, 383, 384, 387, 388, 389, 391, 392, 393, 398, 420, 426, 427, 432, 434, 435, 436, 438, 449, 450, 452, 454, 455, 456, 462, 463, 465, 467, 473, 479, 480, 485, 486, 489, 510], "summary": {"covered_lines": 160, "num_statements": 245, "percent_covered": 65.3061224489796, "percent_covered_display": "65", "missing_lines": 85, "excluded_lines": 0}, "missing_lines": [76, 77, 78, 79, 80, 81, 83, 84, 85, 93, 112, 113, 114, 133, 134, 147, 148, 149, 169, 170, 171, 172, 173, 176, 177, 180, 181, 200, 202, 212, 233, 241, 242, 243, 245, 246, 266, 267, 268, 269, 270, 274, 289, 290, 291, 292, 293, 294, 295, 296, 298, 299, 307, 308, 310, 320, 363, 394, 395, 439, 440, 441, 442, 443, 444, 445, 446, 458, 459, 468, 469, 470, 471, 494, 495, 496, 498, 499, 500, 502, 503, 504, 506, 507, 511], "excluded_lines": []}}}, "src/config.py": {"executed_lines": [1, 6, 7, 9, 10, 13, 14, 16, 17, 18, 19, 21, 23, 24, 29, 30, 32, 33, 34, 36, 39, 40, 42, 46, 47, 49, 52, 53, 55, 56, 58, 61, 62, 64, 65, 66, 68, 71, 72, 74, 75, 76, 77, 78, 79, 81, 84, 85, 88, 89, 90, 93, 96, 97, 98, 99, 100, 101, 103, 105, 111, 113, 117], "summary": {"covered_lines": 55, "num_statements": 58, "percent_covered": 94.82758620689656, "percent_covered_display": "95", "missing_lines": 3, "excluded_lines": 0}, "missing_lines": [26, 107, 108], "excluded_lines": [], "functions": {"QdrantSettings.url": {"executed_lines": [], "summary": {"covered_lines": 0, "num_statements": 1, "percent_covered": 0.0, "percent_covered_display": "0", "missing_lines": 1, "excluded_lines": 0}, "missing_lines": [26], "excluded_lines": []}, "Settings.ensure_data_dir": {"executed_lines": [], "summary": {"covered_lines": 0, "num_statements": 2, "percent_covered": 0.0, "percent_covered_display": "0", "missing_lines": 2, "excluded_lines": 0}, "missing_lines": [107, 108], "excluded_lines": []}, "get_settings": {"executed_lines": [113], "summary": {"covered_lines": 1, "num_statements": 1, "percent_covered": 100.0, "percent_covered_display": "100", "missing_lines": 0, "excluded_lines": 0}, "missing_lines": [], "excluded_lines": []}, "": {"executed_lines": [1, 6, 7, 9, 10, 13, 14, 16, 17, 18, 19, 21, 23, 24, 29, 30, 32, 33, 34, 36, 39, 40, 42, 46, 47, 49, 52, 53, 55, 56, 58, 61, 62, 64, 65, 66, 68, 71, 72, 74, 75, 76, 77, 78, 79, 81, 84, 85, 88, 89, 90, 93, 96, 97, 98, 99, 100, 101, 103, 105, 111, 117], "summary": {"covered_lines": 54, "num_statements": 54, "percent_covered": 100.0, "percent_covered_display": "100", "missing_lines": 0, "excluded_lines": 0}, "missing_lines": [], "excluded_lines": []}}, "classes": {"QdrantSettings": {"executed_lines": [], "summary": {"covered_lines": 0, "num_statements": 1, "percent_covered": 0.0, "percent_covered_display": "0", "missing_lines": 1, "excluded_lines": 0}, "missing_lines": [26], "excluded_lines": []}, "NotionSettings": {"executed_lines": [], "summary": {"covered_lines": 0, "num_statements": 0, "percent_covered": 100.0, "percent_covered_display": "100", "missing_lines": 0, "excluded_lines": 0}, "missing_lines": [], "excluded_lines": []}, "EmbeddingSettings": {"executed_lines": [], "summary": {"covered_lines": 0, "num_statements": 0, "percent_covered": 100.0, "percent_covered_display": "100", "missing_lines": 0, "excluded_lines": 0}, "missing_lines": [], "excluded_lines": []}, "ChunkingSettings": {"executed_lines": [], "summary": {"covered_lines": 0, "num_statements": 0, "percent_covered": 100.0, "percent_covered_display": "100", "missing_lines": 0, "excluded_lines": 0}, "missing_lines": [], "excluded_lines": []}, "SchedulerSettings": {"executed_lines": [], "summary": {"covered_lines": 0, "num_statements": 0, "percent_covered": 100.0, "percent_covered_display": "100", "missing_lines": 0, "excluded_lines": 0}, "missing_lines": [], "excluded_lines": []}, "AISettings": {"executed_lines": [], "summary": {"covered_lines": 0, "num_statements": 0, "percent_covered": 100.0, "percent_covered_display": "100", "missing_lines": 0, "excluded_lines": 0}, "missing_lines": [], "excluded_lines": []}, "Settings": {"executed_lines": [], "summary": {"covered_lines": 0, "num_statements": 2, "percent_covered": 0.0, "percent_covered_display": "0", "missing_lines": 2, "excluded_lines": 0}, "missing_lines": [107, 108], "excluded_lines": []}, "": {"executed_lines": [1, 6, 7, 9, 10, 13, 14, 16, 17, 18, 19, 21, 23, 24, 29, 30, 32, 33, 34, 36, 39, 40, 42, 46, 47, 49, 52, 53, 55, 56, 58, 61, 62, 64, 65, 66, 68, 71, 72, 74, 75, 76, 77, 78, 79, 81, 84, 85, 88, 89, 90, 93, 96, 97, 98, 99, 100, 101, 103, 105, 111, 113, 117], "summary": {"covered_lines": 55, "num_statements": 55, "percent_covered": 100.0, "percent_covered_display": "100", "missing_lines": 0, "excluded_lines": 0}, "missing_lines": [], "excluded_lines": []}}}, "src/connectors/__init__.py": {"executed_lines": [1, 6, 7, 9], "summary": {"covered_lines": 3, "num_statements": 3, "percent_covered": 100.0, "percent_covered_display": "100", "missing_lines": 0, "excluded_lines": 0}, "missing_lines": [], "excluded_lines": [], "functions": {"": {"executed_lines": [1, 6, 7, 9], "summary": {"covered_lines": 3, "num_statements": 3, "percent_covered": 100.0, "percent_covered_display": "100", "missing_lines": 0, "excluded_lines": 0}, "missing_lines": [], "excluded_lines": []}}, "classes": {"": {"executed_lines": [1, 6, 7, 9], "summary": {"covered_lines": 3, "num_statements": 3, "percent_covered": 100.0, "percent_covered_display": "100", "missing_lines": 0, "excluded_lines": 0}, "missing_lines": [], "excluded_lines": []}}}, "src/connectors/notion.py": {"executed_lines": [1, 7, 8, 9, 11, 12, 14, 15, 16, 17, 19, 22, 23, 32, 43, 48, 86, 87, 102, 114, 146, 147, 170, 234, 283, 313, 314, 335, 356, 384, 402, 412, 423, 436, 441, 452, 459, 466, 471, 478, 484, 493, 497, 502, 509, 518, 523, 531, 539, 548, 556, 561, 566, 571, 576, 582, 588, 593], "summary": {"covered_lines": 56, "num_statements": 248, "percent_covered": 22.580645161290324, "percent_covered_display": "23", "missing_lines": 192, "excluded_lines": 0}, "missing_lines": [39, 40, 41, 45, 46, 50, 99, 100, 111, 112, 131, 132, 134, 135, 140, 141, 143, 144, 163, 164, 184, 185, 186, 188, 189, 192, 193, 194, 195, 196, 197, 198, 200, 203, 204, 205, 206, 207, 208, 209, 210, 211, 213, 216, 222, 230, 250, 251, 252, 253, 254, 255, 258, 259, 261, 262, 263, 264, 265, 266, 267, 270, 279, 280, 281, 292, 293, 294, 296, 297, 301, 302, 304, 305, 306, 308, 309, 311, 328, 329, 344, 345, 346, 347, 351, 352, 353, 354, 365, 368, 369, 370, 371, 372, 373, 376, 377, 378, 379, 380, 382, 393, 404, 405, 406, 407, 408, 409, 410, 421, 432, 438, 439, 443, 444, 445, 448, 449, 450, 454, 455, 456, 457, 461, 462, 463, 464, 468, 469, 473, 474, 475, 476, 480, 481, 482, 486, 487, 488, 489, 490, 491, 495, 500, 504, 505, 506, 507, 511, 512, 513, 514, 515, 516, 520, 521, 525, 526, 527, 528, 529, 533, 534, 535, 536, 537, 541, 542, 543, 544, 545, 546, 550, 551, 552, 553, 554, 558, 559, 564, 569, 574, 578, 579, 580, 584, 585, 586, 590, 591, 595, 596], "excluded_lines": [], "functions": {"NotionConnector.__init__": {"executed_lines": [], "summary": {"covered_lines": 0, "num_statements": 3, "percent_covered": 0.0, "percent_covered_display": "0", "missing_lines": 3, "excluded_lines": 0}, "missing_lines": [39, 40, 41], "excluded_lines": []}, "NotionConnector._rate_limit": {"executed_lines": [], "summary": {"covered_lines": 0, "num_statements": 2, "percent_covered": 0.0, "percent_covered_display": "0", "missing_lines": 2, "excluded_lines": 0}, "missing_lines": [45, 46], "excluded_lines": []}, "NotionConnector._init_block_converters": {"executed_lines": [], "summary": {"covered_lines": 0, "num_statements": 1, "percent_covered": 0.0, "percent_covered_display": "0", "missing_lines": 1, "excluded_lines": 0}, "missing_lines": [50], "excluded_lines": []}, "NotionConnector.fetch_page": {"executed_lines": [], "summary": {"covered_lines": 0, "num_statements": 2, "percent_covered": 0.0, "percent_covered_display": "0", "missing_lines": 2, "excluded_lines": 0}, "missing_lines": [99, 100], "excluded_lines": []}, "NotionConnector.fetch_page_content": {"executed_lines": [], "summary": {"covered_lines": 0, "num_statements": 2, "percent_covered": 0.0, "percent_covered_display": "0", "missing_lines": 2, "excluded_lines": 0}, "missing_lines": [111, 112], "excluded_lines": []}, "NotionConnector.fetch_database_items": {"executed_lines": [], "summary": {"covered_lines": 0, "num_statements": 8, "percent_covered": 0.0, "percent_covered_display": "0", "missing_lines": 8, "excluded_lines": 0}, "missing_lines": [131, 132, 134, 135, 140, 141, 143, 144], "excluded_lines": []}, "NotionConnector._query_database_page": {"executed_lines": [], "summary": {"covered_lines": 0, "num_statements": 2, "percent_covered": 0.0, "percent_covered_display": "0", "missing_lines": 2, "excluded_lines": 0}, "missing_lines": [163, 164], "excluded_lines": []}, "NotionConnector.fetch_documents": {"executed_lines": [], "summary": {"covered_lines": 0, "num_statements": 26, "percent_covered": 0.0, "percent_covered_display": "0", "missing_lines": 26, "excluded_lines": 0}, "missing_lines": [184, 185, 186, 188, 189, 192, 193, 194, 195, 196, 197, 198, 200, 203, 204, 205, 206, 207, 208, 209, 210, 211, 213, 216, 222, 230], "excluded_lines": []}, "NotionConnector._process_page": {"executed_lines": [], "summary": {"covered_lines": 0, "num_statements": 19, "percent_covered": 0.0, "percent_covered_display": "0", "missing_lines": 19, "excluded_lines": 0}, "missing_lines": [250, 251, 252, 253, 254, 255, 258, 259, 261, 262, 263, 264, 265, 266, 267, 270, 279, 280, 281], "excluded_lines": []}, "NotionConnector._get_all_blocks": {"executed_lines": [], "summary": {"covered_lines": 0, "num_statements": 13, "percent_covered": 0.0, "percent_covered_display": "0", "missing_lines": 13, "excluded_lines": 0}, "missing_lines": [292, 293, 294, 296, 297, 301, 302, 304, 305, 306, 308, 309, 311], "excluded_lines": []}, "NotionConnector._list_block_children": {"executed_lines": [], "summary": {"covered_lines": 0, "num_statements": 2, "percent_covered": 0.0, "percent_covered_display": "0", "missing_lines": 2, "excluded_lines": 0}, "missing_lines": [328, 329], "excluded_lines": []}, "NotionConnector._blocks_to_text": {"executed_lines": [], "summary": {"covered_lines": 0, "num_statements": 8, "percent_covered": 0.0, "percent_covered_display": "0", "missing_lines": 8, "excluded_lines": 0}, "missing_lines": [344, 345, 346, 347, 351, 352, 353, 354], "excluded_lines": []}, "NotionConnector._extract_title": {"executed_lines": [], "summary": {"covered_lines": 0, "num_statements": 13, "percent_covered": 0.0, "percent_covered_display": "0", "missing_lines": 13, "excluded_lines": 0}, "missing_lines": [365, 368, 369, 370, 371, 372, 373, 376, 377, 378, 379, 380, 382], "excluded_lines": []}, "NotionConnector._extract_metadata": {"executed_lines": [], "summary": {"covered_lines": 0, "num_statements": 1, "percent_covered": 0.0, "percent_covered_display": "0", "missing_lines": 1, "excluded_lines": 0}, "missing_lines": [393], "excluded_lines": []}, "NotionConnector._extract_icon": {"executed_lines": [], "summary": {"covered_lines": 0, "num_statements": 7, "percent_covered": 0.0, "percent_covered_display": "0", "missing_lines": 7, "excluded_lines": 0}, "missing_lines": [404, 405, 406, 407, 408, 409, 410], "excluded_lines": []}, "NotionConnector._hash_content": {"executed_lines": [], "summary": {"covered_lines": 0, "num_statements": 1, "percent_covered": 0.0, "percent_covered_display": "0", "missing_lines": 1, "excluded_lines": 0}, "missing_lines": [421], "excluded_lines": []}, "NotionConnector._rich_text_to_str": {"executed_lines": [], "summary": {"covered_lines": 0, "num_statements": 1, "percent_covered": 0.0, "percent_covered_display": "0", "missing_lines": 1, "excluded_lines": 0}, "missing_lines": [432], "excluded_lines": []}, "NotionConnector._convert_paragraph": {"executed_lines": [], "summary": {"covered_lines": 0, "num_statements": 2, "percent_covered": 0.0, "percent_covered_display": "0", "missing_lines": 2, "excluded_lines": 0}, "missing_lines": [438, 439], "excluded_lines": []}, "NotionConnector._convert_heading": {"executed_lines": [], "summary": {"covered_lines": 0, "num_statements": 6, "percent_covered": 0.0, "percent_covered_display": "0", "missing_lines": 6, "excluded_lines": 0}, "missing_lines": [443, 444, 445, 448, 449, 450], "excluded_lines": []}, "NotionConnector._convert_list_item": {"executed_lines": [], "summary": {"covered_lines": 0, "num_statements": 4, "percent_covered": 0.0, "percent_covered_display": "0", "missing_lines": 4, "excluded_lines": 0}, "missing_lines": [454, 455, 456, 457], "excluded_lines": []}, "NotionConnector._convert_todo": {"executed_lines": [], "summary": {"covered_lines": 0, "num_statements": 4, "percent_covered": 0.0, "percent_covered_display": "0", "missing_lines": 4, "excluded_lines": 0}, "missing_lines": [461, 462, 463, 464], "excluded_lines": []}, "NotionConnector._convert_toggle": {"executed_lines": [], "summary": {"covered_lines": 0, "num_statements": 2, "percent_covered": 0.0, "percent_covered_display": "0", "missing_lines": 2, "excluded_lines": 0}, "missing_lines": [468, 469], "excluded_lines": []}, "NotionConnector._convert_code": {"executed_lines": [], "summary": {"covered_lines": 0, "num_statements": 4, "percent_covered": 0.0, "percent_covered_display": "0", "missing_lines": 4, "excluded_lines": 0}, "missing_lines": [473, 474, 475, 476], "excluded_lines": []}, "NotionConnector._convert_quote": {"executed_lines": [], "summary": {"covered_lines": 0, "num_statements": 3, "percent_covered": 0.0, "percent_covered_display": "0", "missing_lines": 3, "excluded_lines": 0}, "missing_lines": [480, 481, 482], "excluded_lines": []}, "NotionConnector._convert_callout": {"executed_lines": [], "summary": {"covered_lines": 0, "num_statements": 6, "percent_covered": 0.0, "percent_covered_display": "0", "missing_lines": 6, "excluded_lines": 0}, "missing_lines": [486, 487, 488, 489, 490, 491], "excluded_lines": []}, "NotionConnector._convert_divider": {"executed_lines": [], "summary": {"covered_lines": 0, "num_statements": 1, "percent_covered": 0.0, "percent_covered_display": "0", "missing_lines": 1, "excluded_lines": 0}, "missing_lines": [495], "excluded_lines": []}, "NotionConnector._convert_table": {"executed_lines": [], "summary": {"covered_lines": 0, "num_statements": 1, "percent_covered": 0.0, "percent_covered_display": "0", "missing_lines": 1, "excluded_lines": 0}, "missing_lines": [500], "excluded_lines": []}, "NotionConnector._convert_table_row": {"executed_lines": [], "summary": {"covered_lines": 0, "num_statements": 4, "percent_covered": 0.0, "percent_covered_display": "0", "missing_lines": 4, "excluded_lines": 0}, "missing_lines": [504, 505, 506, 507], "excluded_lines": []}, "NotionConnector._convert_bookmark": {"executed_lines": [], "summary": {"covered_lines": 0, "num_statements": 6, "percent_covered": 0.0, "percent_covered_display": "0", "missing_lines": 6, "excluded_lines": 0}, "missing_lines": [511, 512, 513, 514, 515, 516], "excluded_lines": []}, "NotionConnector._convert_embed": {"executed_lines": [], "summary": {"covered_lines": 0, "num_statements": 2, "percent_covered": 0.0, "percent_covered_display": "0", "missing_lines": 2, "excluded_lines": 0}, "missing_lines": [520, 521], "excluded_lines": []}, "NotionConnector._convert_image": {"executed_lines": [], "summary": {"covered_lines": 0, "num_statements": 5, "percent_covered": 0.0, "percent_covered_display": "0", "missing_lines": 5, "excluded_lines": 0}, "missing_lines": [525, 526, 527, 528, 529], "excluded_lines": []}, "NotionConnector._convert_video": {"executed_lines": [], "summary": {"covered_lines": 0, "num_statements": 5, "percent_covered": 0.0, "percent_covered_display": "0", "missing_lines": 5, "excluded_lines": 0}, "missing_lines": [533, 534, 535, 536, 537], "excluded_lines": []}, "NotionConnector._convert_file": {"executed_lines": [], "summary": {"covered_lines": 0, "num_statements": 6, "percent_covered": 0.0, "percent_covered_display": "0", "missing_lines": 6, "excluded_lines": 0}, "missing_lines": [541, 542, 543, 544, 545, 546], "excluded_lines": []}, "NotionConnector._convert_pdf": {"executed_lines": [], "summary": {"covered_lines": 0, "num_statements": 5, "percent_covered": 0.0, "percent_covered_display": "0", "missing_lines": 5, "excluded_lines": 0}, "missing_lines": [550, 551, 552, 553, 554], "excluded_lines": []}, "NotionConnector._convert_equation": {"executed_lines": [], "summary": {"covered_lines": 0, "num_statements": 2, "percent_covered": 0.0, "percent_covered_display": "0", "missing_lines": 2, "excluded_lines": 0}, "missing_lines": [558, 559], "excluded_lines": []}, "NotionConnector._convert_synced_block": {"executed_lines": [], "summary": {"covered_lines": 0, "num_statements": 1, "percent_covered": 0.0, "percent_covered_display": "0", "missing_lines": 1, "excluded_lines": 0}, "missing_lines": [564], "excluded_lines": []}, "NotionConnector._convert_column_list": {"executed_lines": [], "summary": {"covered_lines": 0, "num_statements": 1, "percent_covered": 0.0, "percent_covered_display": "0", "missing_lines": 1, "excluded_lines": 0}, "missing_lines": [569], "excluded_lines": []}, "NotionConnector._convert_column": {"executed_lines": [], "summary": {"covered_lines": 0, "num_statements": 1, "percent_covered": 0.0, "percent_covered_display": "0", "missing_lines": 1, "excluded_lines": 0}, "missing_lines": [574], "excluded_lines": []}, "NotionConnector._convert_child_page": {"executed_lines": [], "summary": {"covered_lines": 0, "num_statements": 3, "percent_covered": 0.0, "percent_covered_display": "0", "missing_lines": 3, "excluded_lines": 0}, "missing_lines": [578, 579, 580], "excluded_lines": []}, "NotionConnector._convert_child_database": {"executed_lines": [], "summary": {"covered_lines": 0, "num_statements": 3, "percent_covered": 0.0, "percent_covered_display": "0", "missing_lines": 3, "excluded_lines": 0}, "missing_lines": [584, 585, 586], "excluded_lines": []}, "NotionConnector._convert_link_preview": {"executed_lines": [], "summary": {"covered_lines": 0, "num_statements": 2, "percent_covered": 0.0, "percent_covered_display": "0", "missing_lines": 2, "excluded_lines": 0}, "missing_lines": [590, 591], "excluded_lines": []}, "NotionConnector._convert_template": {"executed_lines": [], "summary": {"covered_lines": 0, "num_statements": 2, "percent_covered": 0.0, "percent_covered_display": "0", "missing_lines": 2, "excluded_lines": 0}, "missing_lines": [595, 596], "excluded_lines": []}, "": {"executed_lines": [1, 7, 8, 9, 11, 12, 14, 15, 16, 17, 19, 22, 23, 32, 43, 48, 86, 87, 102, 114, 146, 147, 170, 234, 283, 313, 314, 335, 356, 384, 402, 412, 423, 436, 441, 452, 459, 466, 471, 478, 484, 493, 497, 502, 509, 518, 523, 531, 539, 548, 556, 561, 566, 571, 576, 582, 588, 593], "summary": {"covered_lines": 56, "num_statements": 56, "percent_covered": 100.0, "percent_covered_display": "100", "missing_lines": 0, "excluded_lines": 0}, "missing_lines": [], "excluded_lines": []}}, "classes": {"NotionConnector": {"executed_lines": [], "summary": {"covered_lines": 0, "num_statements": 192, "percent_covered": 0.0, "percent_covered_display": "0", "missing_lines": 192, "excluded_lines": 0}, "missing_lines": [39, 40, 41, 45, 46, 50, 99, 100, 111, 112, 131, 132, 134, 135, 140, 141, 143, 144, 163, 164, 184, 185, 186, 188, 189, 192, 193, 194, 195, 196, 197, 198, 200, 203, 204, 205, 206, 207, 208, 209, 210, 211, 213, 216, 222, 230, 250, 251, 252, 253, 254, 255, 258, 259, 261, 262, 263, 264, 265, 266, 267, 270, 279, 280, 281, 292, 293, 294, 296, 297, 301, 302, 304, 305, 306, 308, 309, 311, 328, 329, 344, 345, 346, 347, 351, 352, 353, 354, 365, 368, 369, 370, 371, 372, 373, 376, 377, 378, 379, 380, 382, 393, 404, 405, 406, 407, 408, 409, 410, 421, 432, 438, 439, 443, 444, 445, 448, 449, 450, 454, 455, 456, 457, 461, 462, 463, 464, 468, 469, 473, 474, 475, 476, 480, 481, 482, 486, 487, 488, 489, 490, 491, 495, 500, 504, 505, 506, 507, 511, 512, 513, 514, 515, 516, 520, 521, 525, 526, 527, 528, 529, 533, 534, 535, 536, 537, 541, 542, 543, 544, 545, 546, 550, 551, 552, 553, 554, 558, 559, 564, 569, 574, 578, 579, 580, 584, 585, 586, 590, 591, 595, 596], "excluded_lines": []}, "": {"executed_lines": [1, 7, 8, 9, 11, 12, 14, 15, 16, 17, 19, 22, 23, 32, 43, 48, 86, 87, 102, 114, 146, 147, 170, 234, 283, 313, 314, 335, 356, 384, 402, 412, 423, 436, 441, 452, 459, 466, 471, 478, 484, 493, 497, 502, 509, 518, 523, 531, 539, 548, 556, 561, 566, 571, 576, 582, 588, 593], "summary": {"covered_lines": 56, "num_statements": 56, "percent_covered": 100.0, "percent_covered_display": "100", "missing_lines": 0, "excluded_lines": 0}, "missing_lines": [], "excluded_lines": []}}}, "src/connectors/swagger.py": {"executed_lines": [1, 6, 7, 8, 9, 10, 12, 13, 15, 16, 17, 19, 22, 23, 29, 31, 33, 35, 36, 40, 49, 50, 53, 62, 64, 65, 66, 67, 71, 85, 86, 87, 89, 90, 93, 94, 97, 98, 105, 107, 111, 114, 120, 128, 132, 133, 145, 146, 148, 150, 152, 154, 174, 183, 184, 185, 186, 189, 198, 199, 200, 201, 203, 204, 205, 206, 208, 209, 210, 211, 212, 219, 221, 232, 241, 242, 244, 245, 246, 248, 249, 250, 251, 252, 259, 261, 272, 292, 306, 316, 317, 319, 322, 329, 331, 341, 342, 345, 348, 349, 351, 357, 367, 368, 370, 373, 376, 378, 397, 406, 407, 408, 411, 429, 430, 431, 432, 435, 436, 444, 454, 464, 465, 466, 468, 469, 472, 482, 485, 486, 489, 490, 493, 494, 496, 497, 498, 501, 502, 503, 506, 511, 512, 513, 514, 516, 517, 518, 519, 520, 523, 524, 525, 526, 527, 529, 530, 533, 534, 535, 536, 538, 539, 540, 542, 544, 553, 561, 570], "summary": {"covered_lines": 167, "num_statements": 203, "percent_covered": 82.26600985221675, "percent_covered_display": "82", "missing_lines": 36, "excluded_lines": 0}, "missing_lines": [51, 69, 108, 109, 151, 163, 164, 165, 167, 168, 169, 170, 171, 172, 187, 320, 346, 371, 388, 389, 391, 392, 393, 394, 395, 409, 437, 438, 439, 440, 441, 442, 470, 507, 508, 528], "excluded_lines": [], "functions": {"SwaggerConnector.__init__": {"executed_lines": [31], "summary": {"covered_lines": 1, "num_statements": 1, "percent_covered": 100.0, "percent_covered_display": "100", "missing_lines": 0, "excluded_lines": 0}, "missing_lines": [], "excluded_lines": []}, "SwaggerConnector.__del__": {"executed_lines": [35, 36], "summary": {"covered_lines": 2, "num_statements": 2, "percent_covered": 100.0, "percent_covered_display": "100", "missing_lines": 0, "excluded_lines": 0}, "missing_lines": [], "excluded_lines": []}, "SwaggerConnector.load_spec": {"executed_lines": [49, 50], "summary": {"covered_lines": 2, "num_statements": 3, "percent_covered": 66.66666666666667, "percent_covered_display": "67", "missing_lines": 1, "excluded_lines": 0}, "missing_lines": [51], "excluded_lines": []}, "SwaggerConnector.parse_spec": {"executed_lines": [62, 64, 65, 66, 67], "summary": {"covered_lines": 5, "num_statements": 6, "percent_covered": 83.33333333333333, "percent_covered_display": "83", "missing_lines": 1, "excluded_lines": 0}, "missing_lines": [69], "excluded_lines": []}, "SwaggerConnector.fetch_documents": {"executed_lines": [85, 86, 87, 89, 90, 93, 94, 97, 98, 105, 107, 111, 114, 120, 128], "summary": {"covered_lines": 15, "num_statements": 17, "percent_covered": 88.23529411764706, "percent_covered_display": "88", "missing_lines": 2, "excluded_lines": 0}, "missing_lines": [108, 109], "excluded_lines": []}, "SwaggerConnector._load_from_url": {"executed_lines": [145, 146, 148, 150, 152], "summary": {"covered_lines": 5, "num_statements": 6, "percent_covered": 83.33333333333333, "percent_covered_display": "83", "missing_lines": 1, "excluded_lines": 0}, "missing_lines": [151], "excluded_lines": []}, "SwaggerConnector._load_from_file": {"executed_lines": [], "summary": {"covered_lines": 0, "num_statements": 9, "percent_covered": 0.0, "percent_covered_display": "0", "missing_lines": 9, "excluded_lines": 0}, "missing_lines": [163, 164, 165, 167, 168, 169, 170, 171, 172], "excluded_lines": []}, "SwaggerConnector._detect_version": {"executed_lines": [183, 184, 185, 186], "summary": {"covered_lines": 4, "num_statements": 5, "percent_covered": 80.0, "percent_covered_display": "80", "missing_lines": 1, "excluded_lines": 0}, "missing_lines": [187], "excluded_lines": []}, "SwaggerConnector._parse_swagger_2": {"executed_lines": [198, 199, 200, 201, 203, 204, 205, 206, 208, 209, 210, 211, 212, 219, 221], "summary": {"covered_lines": 15, "num_statements": 15, "percent_covered": 100.0, "percent_covered_display": "100", "missing_lines": 0, "excluded_lines": 0}, "missing_lines": [], "excluded_lines": []}, "SwaggerConnector._parse_openapi_3": {"executed_lines": [241, 242, 244, 245, 246, 248, 249, 250, 251, 252, 259, 261], "summary": {"covered_lines": 12, "num_statements": 12, "percent_covered": 100.0, "percent_covered_display": "100", "missing_lines": 0, "excluded_lines": 0}, "missing_lines": [], "excluded_lines": []}, "SwaggerConnector._parse_operation": {"executed_lines": [292], "summary": {"covered_lines": 1, "num_statements": 1, "percent_covered": 100.0, "percent_covered_display": "100", "missing_lines": 0, "excluded_lines": 0}, "missing_lines": [], "excluded_lines": []}, "SwaggerConnector._parse_parameters": {"executed_lines": [316, 317, 319, 322, 329], "summary": {"covered_lines": 5, "num_statements": 6, "percent_covered": 83.33333333333333, "percent_covered_display": "83", "missing_lines": 1, "excluded_lines": 0}, "missing_lines": [320], "excluded_lines": []}, "SwaggerConnector._parse_request_body": {"executed_lines": [341, 342, 345, 348, 349, 351], "summary": {"covered_lines": 6, "num_statements": 7, "percent_covered": 85.71428571428571, "percent_covered_display": "86", "missing_lines": 1, "excluded_lines": 0}, "missing_lines": [346], "excluded_lines": []}, "SwaggerConnector._parse_responses": {"executed_lines": [367, 368, 370, 373, 376], "summary": {"covered_lines": 5, "num_statements": 6, "percent_covered": 83.33333333333333, "percent_covered_display": "83", "missing_lines": 1, "excluded_lines": 0}, "missing_lines": [371], "excluded_lines": []}, "SwaggerConnector._resolve_ref": {"executed_lines": [], "summary": {"covered_lines": 0, "num_statements": 7, "percent_covered": 0.0, "percent_covered_display": "0", "missing_lines": 7, "excluded_lines": 0}, "missing_lines": [388, 389, 391, 392, 393, 394, 395], "excluded_lines": []}, "SwaggerConnector._get_param_type": {"executed_lines": [406, 407, 408], "summary": {"covered_lines": 3, "num_statements": 4, "percent_covered": 75.0, "percent_covered_display": "75", "missing_lines": 1, "excluded_lines": 0}, "missing_lines": [409], "excluded_lines": []}, "SwaggerConnector._endpoint_to_document": {"executed_lines": [429, 430, 431, 432, 435, 436, 444], "summary": {"covered_lines": 7, "num_statements": 13, "percent_covered": 53.84615384615385, "percent_covered_display": "54", "missing_lines": 6, "excluded_lines": 0}, "missing_lines": [437, 438, 439, 440, 441, 442], "excluded_lines": []}, "SwaggerConnector._build_endpoint_title": {"executed_lines": [464, 465, 466, 468, 469], "summary": {"covered_lines": 5, "num_statements": 6, "percent_covered": 83.33333333333333, "percent_covered_display": "83", "missing_lines": 1, "excluded_lines": 0}, "missing_lines": [470], "excluded_lines": []}, "SwaggerConnector._build_endpoint_content": {"executed_lines": [482, 485, 486, 489, 490, 493, 494, 496, 497, 498, 501, 502, 503, 506, 511, 512, 513, 514, 516, 517, 518, 519, 520, 523, 524, 525, 526, 527, 529, 530, 533, 534, 535, 536, 538, 539, 540, 542], "summary": {"covered_lines": 38, "num_statements": 41, "percent_covered": 92.6829268292683, "percent_covered_display": "93", "missing_lines": 3, "excluded_lines": 0}, "missing_lines": [507, 508, 528], "excluded_lines": []}, "SwaggerConnector._build_endpoint_metadata": {"executed_lines": [553], "summary": {"covered_lines": 1, "num_statements": 1, "percent_covered": 100.0, "percent_covered_display": "100", "missing_lines": 0, "excluded_lines": 0}, "missing_lines": [], "excluded_lines": []}, "SwaggerConnector._hash_content": {"executed_lines": [570], "summary": {"covered_lines": 1, "num_statements": 1, "percent_covered": 100.0, "percent_covered_display": "100", "missing_lines": 0, "excluded_lines": 0}, "missing_lines": [], "excluded_lines": []}, "": {"executed_lines": [1, 6, 7, 8, 9, 10, 12, 13, 15, 16, 17, 19, 22, 23, 29, 33, 40, 53, 71, 132, 133, 154, 174, 189, 232, 272, 306, 331, 357, 378, 397, 411, 454, 472, 544, 561], "summary": {"covered_lines": 34, "num_statements": 34, "percent_covered": 100.0, "percent_covered_display": "100", "missing_lines": 0, "excluded_lines": 0}, "missing_lines": [], "excluded_lines": []}}, "classes": {"SwaggerConnector": {"executed_lines": [31, 35, 36, 49, 50, 62, 64, 65, 66, 67, 85, 86, 87, 89, 90, 93, 94, 97, 98, 105, 107, 111, 114, 120, 128, 145, 146, 148, 150, 152, 183, 184, 185, 186, 198, 199, 200, 201, 203, 204, 205, 206, 208, 209, 210, 211, 212, 219, 221, 241, 242, 244, 245, 246, 248, 249, 250, 251, 252, 259, 261, 292, 316, 317, 319, 322, 329, 341, 342, 345, 348, 349, 351, 367, 368, 370, 373, 376, 406, 407, 408, 429, 430, 431, 432, 435, 436, 444, 464, 465, 466, 468, 469, 482, 485, 486, 489, 490, 493, 494, 496, 497, 498, 501, 502, 503, 506, 511, 512, 513, 514, 516, 517, 518, 519, 520, 523, 524, 525, 526, 527, 529, 530, 533, 534, 535, 536, 538, 539, 540, 542, 553, 570], "summary": {"covered_lines": 133, "num_statements": 169, "percent_covered": 78.69822485207101, "percent_covered_display": "79", "missing_lines": 36, "excluded_lines": 0}, "missing_lines": [51, 69, 108, 109, 151, 163, 164, 165, 167, 168, 169, 170, 171, 172, 187, 320, 346, 371, 388, 389, 391, 392, 393, 394, 395, 409, 437, 438, 439, 440, 441, 442, 470, 507, 508, 528], "excluded_lines": []}, "": {"executed_lines": [1, 6, 7, 8, 9, 10, 12, 13, 15, 16, 17, 19, 22, 23, 29, 33, 40, 53, 71, 132, 133, 154, 174, 189, 232, 272, 306, 331, 357, 378, 397, 411, 454, 472, 544, 561], "summary": {"covered_lines": 34, "num_statements": 34, "percent_covered": 100.0, "percent_covered_display": "100", "missing_lines": 0, "excluded_lines": 0}, "missing_lines": [], "excluded_lines": []}}}, "src/logging_config.py": {"executed_lines": [1, 7, 8, 9, 11, 14, 27, 30, 37, 43, 51, 59, 66, 75, 84, 88, 89, 91, 92, 96, 97, 99, 101, 102, 104, 106, 107, 109, 111, 112, 118], "summary": {"covered_lines": 29, "num_statements": 35, "percent_covered": 82.85714285714286, "percent_covered_display": "83", "missing_lines": 6, "excluded_lines": 0}, "missing_lines": [38, 39, 40, 53, 94, 114], "excluded_lines": [], "functions": {"configure_logging": {"executed_lines": [27, 30, 37, 43, 51, 59, 66], "summary": {"covered_lines": 7, "num_statements": 11, "percent_covered": 63.63636363636363, "percent_covered_display": "64", "missing_lines": 4, "excluded_lines": 0}, "missing_lines": [38, 39, 40, 53], "excluded_lines": []}, "get_logger": {"executed_lines": [84], "summary": {"covered_lines": 1, "num_statements": 1, "percent_covered": 100.0, "percent_covered_display": "100", "missing_lines": 0, "excluded_lines": 0}, "missing_lines": [], "excluded_lines": []}, "Loggers.indexer": {"executed_lines": [], "summary": {"covered_lines": 0, "num_statements": 1, "percent_covered": 0.0, "percent_covered_display": "0", "missing_lines": 1, "excluded_lines": 0}, "missing_lines": [94], "excluded_lines": []}, "Loggers.scheduler": {"executed_lines": [99], "summary": {"covered_lines": 1, "num_statements": 1, "percent_covered": 100.0, "percent_covered_display": "100", "missing_lines": 0, "excluded_lines": 0}, "missing_lines": [], "excluded_lines": []}, "Loggers.notion": {"executed_lines": [104], "summary": {"covered_lines": 1, "num_statements": 1, "percent_covered": 100.0, "percent_covered_display": "100", "missing_lines": 0, "excluded_lines": 0}, "missing_lines": [], "excluded_lines": []}, "Loggers.swagger": {"executed_lines": [109], "summary": {"covered_lines": 1, "num_statements": 1, "percent_covered": 100.0, "percent_covered_display": "100", "missing_lines": 0, "excluded_lines": 0}, "missing_lines": [], "excluded_lines": []}, "Loggers.cli": {"executed_lines": [], "summary": {"covered_lines": 0, "num_statements": 1, "percent_covered": 0.0, "percent_covered_display": "0", "missing_lines": 1, "excluded_lines": 0}, "missing_lines": [114], "excluded_lines": []}, "": {"executed_lines": [1, 7, 8, 9, 11, 14, 75, 88, 89, 91, 92, 96, 97, 101, 102, 106, 107, 111, 112, 118], "summary": {"covered_lines": 18, "num_statements": 18, "percent_covered": 100.0, "percent_covered_display": "100", "missing_lines": 0, "excluded_lines": 0}, "missing_lines": [], "excluded_lines": []}}, "classes": {"Loggers": {"executed_lines": [99, 104, 109], "summary": {"covered_lines": 3, "num_statements": 5, "percent_covered": 60.0, "percent_covered_display": "60", "missing_lines": 2, "excluded_lines": 0}, "missing_lines": [94, 114], "excluded_lines": []}, "": {"executed_lines": [1, 7, 8, 9, 11, 14, 27, 30, 37, 43, 51, 59, 66, 75, 84, 88, 89, 91, 92, 96, 97, 101, 102, 106, 107, 111, 112, 118], "summary": {"covered_lines": 26, "num_statements": 30, "percent_covered": 86.66666666666667, "percent_covered_display": "87", "missing_lines": 4, "excluded_lines": 0}, "missing_lines": [38, 39, 40, 53], "excluded_lines": []}}}, "src/models/__init__.py": {"executed_lines": [1, 6, 7, 8, 9, 11], "summary": {"covered_lines": 5, "num_statements": 5, "percent_covered": 100.0, "percent_covered_display": "100", "missing_lines": 0, "excluded_lines": 0}, "missing_lines": [], "excluded_lines": [], "functions": {"": {"executed_lines": [1, 6, 7, 8, 9, 11], "summary": {"covered_lines": 5, "num_statements": 5, "percent_covered": 100.0, "percent_covered_display": "100", "missing_lines": 0, "excluded_lines": 0}, "missing_lines": [], "excluded_lines": []}}, "classes": {"": {"executed_lines": [1, 6, 7, 8, 9, 11], "summary": {"covered_lines": 5, "num_statements": 5, "percent_covered": 100.0, "percent_covered_display": "100", "missing_lines": 0, "excluded_lines": 0}, "missing_lines": [], "excluded_lines": []}}}, "src/models/chunk.py": {"executed_lines": [1, 6, 7, 8, 9, 10, 12, 15, 28, 29, 32, 33, 35, 36, 38, 39, 42, 43, 45, 46, 47, 50, 51, 62, 66, 70, 74, 78, 82, 86, 90, 95, 99, 104, 135, 136, 139, 159, 160, 161, 164, 166, 172, 173, 174, 177, 184, 185, 186, 189, 190, 191, 192, 195, 203, 204, 205, 207, 213, 223, 224, 226, 228, 229, 230], "summary": {"covered_lines": 62, "num_statements": 62, "percent_covered": 100.0, "percent_covered_display": "100", "missing_lines": 0, "excluded_lines": 0}, "missing_lines": [], "excluded_lines": [], "functions": {"detect_language": {"executed_lines": [28, 29, 32, 33, 35, 36, 38, 39], "summary": {"covered_lines": 8, "num_statements": 8, "percent_covered": 100.0, "percent_covered_display": "100", "missing_lines": 0, "excluded_lines": 0}, "missing_lines": [], "excluded_lines": []}, "Chunk.to_qdrant_point": {"executed_lines": [135, 136, 139, 159, 160, 161, 164, 166, 172, 173, 174, 177, 184, 185, 186, 189, 190, 191, 192, 195, 203, 204, 205, 207], "summary": {"covered_lines": 24, "num_statements": 24, "percent_covered": 100.0, "percent_covered_display": "100", "missing_lines": 0, "excluded_lines": 0}, "missing_lines": [], "excluded_lines": []}, "Chunk.estimate_tokens": {"executed_lines": [223, 224], "summary": {"covered_lines": 2, "num_statements": 2, "percent_covered": 100.0, "percent_covered_display": "100", "missing_lines": 0, "excluded_lines": 0}, "missing_lines": [], "excluded_lines": []}, "Chunk.model_dump_json_safe": {"executed_lines": [228, 229, 230], "summary": {"covered_lines": 3, "num_statements": 3, "percent_covered": 100.0, "percent_covered_display": "100", "missing_lines": 0, "excluded_lines": 0}, "missing_lines": [], "excluded_lines": []}, "": {"executed_lines": [1, 6, 7, 8, 9, 10, 12, 15, 42, 43, 45, 46, 47, 50, 51, 62, 66, 70, 74, 78, 82, 86, 90, 95, 99, 104, 213, 226], "summary": {"covered_lines": 25, "num_statements": 25, "percent_covered": 100.0, "percent_covered_display": "100", "missing_lines": 0, "excluded_lines": 0}, "missing_lines": [], "excluded_lines": []}}, "classes": {"ChunkType": {"executed_lines": [], "summary": {"covered_lines": 0, "num_statements": 0, "percent_covered": 100.0, "percent_covered_display": "100", "missing_lines": 0, "excluded_lines": 0}, "missing_lines": [], "excluded_lines": []}, "Chunk": {"executed_lines": [135, 136, 139, 159, 160, 161, 164, 166, 172, 173, 174, 177, 184, 185, 186, 189, 190, 191, 192, 195, 203, 204, 205, 207, 223, 224, 228, 229, 230], "summary": {"covered_lines": 29, "num_statements": 29, "percent_covered": 100.0, "percent_covered_display": "100", "missing_lines": 0, "excluded_lines": 0}, "missing_lines": [], "excluded_lines": []}, "": {"executed_lines": [1, 6, 7, 8, 9, 10, 12, 15, 28, 29, 32, 33, 35, 36, 38, 39, 42, 43, 45, 46, 47, 50, 51, 62, 66, 70, 74, 78, 82, 86, 90, 95, 99, 104, 213, 226], "summary": {"covered_lines": 33, "num_statements": 33, "percent_covered": 100.0, "percent_covered_display": "100", "missing_lines": 0, "excluded_lines": 0}, "missing_lines": [], "excluded_lines": []}}}, "src/models/document.py": {"executed_lines": [1, 6, 7, 8, 10, 13, 14, 20, 24, 28, 32, 36, 40, 44, 48, 52, 56, 60, 65, 67, 68, 70, 79, 81, 83, 84, 85, 86, 87, 88, 90, 91, 93, 94, 95, 96, 97, 98, 99], "summary": {"covered_lines": 37, "num_statements": 37, "percent_covered": 100.0, "percent_covered_display": "100", "missing_lines": 0, "excluded_lines": 0}, "missing_lines": [], "excluded_lines": [], "functions": {"Document.mark_indexed": {"executed_lines": [67, 68], "summary": {"covered_lines": 2, "num_statements": 2, "percent_covered": 100.0, "percent_covered_display": "100", "missing_lines": 0, "excluded_lines": 0}, "missing_lines": [], "excluded_lines": []}, "Document.needs_reindex": {"executed_lines": [79], "summary": {"covered_lines": 1, "num_statements": 1, "percent_covered": 100.0, "percent_covered_display": "100", "missing_lines": 0, "excluded_lines": 0}, "missing_lines": [], "excluded_lines": []}, "Document.model_dump_json_safe": {"executed_lines": [83, 84, 85, 86, 87, 88], "summary": {"covered_lines": 6, "num_statements": 6, "percent_covered": 100.0, "percent_covered_display": "100", "missing_lines": 0, "excluded_lines": 0}, "missing_lines": [], "excluded_lines": []}, "Document.from_json_safe": {"executed_lines": [93, 94, 95, 96, 97, 98, 99], "summary": {"covered_lines": 7, "num_statements": 7, "percent_covered": 100.0, "percent_covered_display": "100", "missing_lines": 0, "excluded_lines": 0}, "missing_lines": [], "excluded_lines": []}, "": {"executed_lines": [1, 6, 7, 8, 10, 13, 14, 20, 24, 28, 32, 36, 40, 44, 48, 52, 56, 60, 65, 70, 81, 90, 91], "summary": {"covered_lines": 21, "num_statements": 21, "percent_covered": 100.0, "percent_covered_display": "100", "missing_lines": 0, "excluded_lines": 0}, "missing_lines": [], "excluded_lines": []}}, "classes": {"Document": {"executed_lines": [67, 68, 79, 83, 84, 85, 86, 87, 88, 93, 94, 95, 96, 97, 98, 99], "summary": {"covered_lines": 16, "num_statements": 16, "percent_covered": 100.0, "percent_covered_display": "100", "missing_lines": 0, "excluded_lines": 0}, "missing_lines": [], "excluded_lines": []}, "": {"executed_lines": [1, 6, 7, 8, 10, 13, 14, 20, 24, 28, 32, 36, 40, 44, 48, 52, 56, 60, 65, 70, 81, 90, 91], "summary": {"covered_lines": 21, "num_statements": 21, "percent_covered": 100.0, "percent_covered_display": "100", "missing_lines": 0, "excluded_lines": 0}, "missing_lines": [], "excluded_lines": []}}}, "src/models/source.py": {"executed_lines": [1, 6, 7, 8, 9, 11, 14, 15, 17, 18, 21, 22, 24, 28, 32, 38, 39, 41, 45, 51, 57, 58, 63, 67, 71, 75, 79, 83, 87, 91, 96, 101, 110, 111], "summary": {"covered_lines": 29, "num_statements": 49, "percent_covered": 59.183673469387756, "percent_covered_display": "59", "missing_lines": 20, "excluded_lines": 0}, "missing_lines": [98, 99, 103, 104, 105, 106, 107, 108, 113, 114, 115, 116, 117, 118, 121, 122, 123, 124, 125, 127], "excluded_lines": [], "functions": {"Source.update_sync_time": {"executed_lines": [], "summary": {"covered_lines": 0, "num_statements": 2, "percent_covered": 0.0, "percent_covered_display": "0", "missing_lines": 2, "excluded_lines": 0}, "missing_lines": [98, 99], "excluded_lines": []}, "Source.model_dump_json_safe": {"executed_lines": [], "summary": {"covered_lines": 0, "num_statements": 6, "percent_covered": 0.0, "percent_covered_display": "0", "missing_lines": 6, "excluded_lines": 0}, "missing_lines": [103, 104, 105, 106, 107, 108], "excluded_lines": []}, "Source.from_json_safe": {"executed_lines": [], "summary": {"covered_lines": 0, "num_statements": 12, "percent_covered": 0.0, "percent_covered_display": "0", "missing_lines": 12, "excluded_lines": 0}, "missing_lines": [113, 114, 115, 116, 117, 118, 121, 122, 123, 124, 125, 127], "excluded_lines": []}, "": {"executed_lines": [1, 6, 7, 8, 9, 11, 14, 15, 17, 18, 21, 22, 24, 28, 32, 38, 39, 41, 45, 51, 57, 58, 63, 67, 71, 75, 79, 83, 87, 91, 96, 101, 110, 111], "summary": {"covered_lines": 29, "num_statements": 29, "percent_covered": 100.0, "percent_covered_display": "100", "missing_lines": 0, "excluded_lines": 0}, "missing_lines": [], "excluded_lines": []}}, "classes": {"SourceType": {"executed_lines": [], "summary": {"covered_lines": 0, "num_statements": 0, "percent_covered": 100.0, "percent_covered_display": "100", "missing_lines": 0, "excluded_lines": 0}, "missing_lines": [], "excluded_lines": []}, "NotionSourceConfig": {"executed_lines": [], "summary": {"covered_lines": 0, "num_statements": 0, "percent_covered": 100.0, "percent_covered_display": "100", "missing_lines": 0, "excluded_lines": 0}, "missing_lines": [], "excluded_lines": []}, "SwaggerSourceConfig": {"executed_lines": [], "summary": {"covered_lines": 0, "num_statements": 0, "percent_covered": 100.0, "percent_covered_display": "100", "missing_lines": 0, "excluded_lines": 0}, "missing_lines": [], "excluded_lines": []}, "Source": {"executed_lines": [], "summary": {"covered_lines": 0, "num_statements": 20, "percent_covered": 0.0, "percent_covered_display": "0", "missing_lines": 20, "excluded_lines": 0}, "missing_lines": [98, 99, 103, 104, 105, 106, 107, 108, 113, 114, 115, 116, 117, 118, 121, 122, 123, 124, 125, 127], "excluded_lines": []}, "": {"executed_lines": [1, 6, 7, 8, 9, 11, 14, 15, 17, 18, 21, 22, 24, 28, 32, 38, 39, 41, 45, 51, 57, 58, 63, 67, 71, 75, 79, 83, 87, 91, 96, 101, 110, 111], "summary": {"covered_lines": 29, "num_statements": 29, "percent_covered": 100.0, "percent_covered_display": "100", "missing_lines": 0, "excluded_lines": 0}, "missing_lines": [], "excluded_lines": []}}}, "src/models/sync_job.py": {"executed_lines": [1, 6, 7, 8, 9, 11, 14, 15, 17, 18, 19, 20, 21, 24, 25, 27, 28, 31, 32, 34, 38, 42, 46, 50, 54, 60, 61, 66, 70, 74, 78, 82, 86, 92, 96, 100, 104, 108, 112, 118, 122, 127, 132, 141, 151, 178, 179, 185, 186, 190, 206, 207], "summary": {"covered_lines": 47, "num_statements": 77, "percent_covered": 61.03896103896104, "percent_covered_display": "61", "missing_lines": 30, "excluded_lines": 0}, "missing_lines": [129, 130, 138, 139, 147, 148, 149, 168, 181, 182, 183, 188, 192, 193, 194, 195, 196, 197, 204, 209, 210, 211, 212, 214, 215, 216, 217, 218, 219, 221], "excluded_lines": [], "functions": {"SyncJob.start": {"executed_lines": [], "summary": {"covered_lines": 0, "num_statements": 2, "percent_covered": 0.0, "percent_covered_display": "0", "missing_lines": 2, "excluded_lines": 0}, "missing_lines": [129, 130], "excluded_lines": []}, "SyncJob.complete": {"executed_lines": [], "summary": {"covered_lines": 0, "num_statements": 2, "percent_covered": 0.0, "percent_covered_display": "0", "missing_lines": 2, "excluded_lines": 0}, "missing_lines": [138, 139], "excluded_lines": []}, "SyncJob.fail": {"executed_lines": [], "summary": {"covered_lines": 0, "num_statements": 3, "percent_covered": 0.0, "percent_covered_display": "0", "missing_lines": 3, "excluded_lines": 0}, "missing_lines": [147, 148, 149], "excluded_lines": []}, "SyncJob.add_error": {"executed_lines": [], "summary": {"covered_lines": 0, "num_statements": 1, "percent_covered": 0.0, "percent_covered_display": "0", "missing_lines": 1, "excluded_lines": 0}, "missing_lines": [168], "excluded_lines": []}, "SyncJob.duration_seconds": {"executed_lines": [], "summary": {"covered_lines": 0, "num_statements": 3, "percent_covered": 0.0, "percent_covered_display": "0", "missing_lines": 3, "excluded_lines": 0}, "missing_lines": [181, 182, 183], "excluded_lines": []}, "SyncJob.has_errors": {"executed_lines": [], "summary": {"covered_lines": 0, "num_statements": 1, "percent_covered": 0.0, "percent_covered_display": "0", "missing_lines": 1, "excluded_lines": 0}, "missing_lines": [188], "excluded_lines": []}, "SyncJob.model_dump_json_safe": {"executed_lines": [], "summary": {"covered_lines": 0, "num_statements": 7, "percent_covered": 0.0, "percent_covered_display": "0", "missing_lines": 7, "excluded_lines": 0}, "missing_lines": [192, 193, 194, 195, 196, 197, 204], "excluded_lines": []}, "SyncJob.from_json_safe": {"executed_lines": [], "summary": {"covered_lines": 0, "num_statements": 11, "percent_covered": 0.0, "percent_covered_display": "0", "missing_lines": 11, "excluded_lines": 0}, "missing_lines": [209, 210, 211, 212, 214, 215, 216, 217, 218, 219, 221], "excluded_lines": []}, "": {"executed_lines": [1, 6, 7, 8, 9, 11, 14, 15, 17, 18, 19, 20, 21, 24, 25, 27, 28, 31, 32, 34, 38, 42, 46, 50, 54, 60, 61, 66, 70, 74, 78, 82, 86, 92, 96, 100, 104, 108, 112, 118, 122, 127, 132, 141, 151, 178, 179, 185, 186, 190, 206, 207], "summary": {"covered_lines": 47, "num_statements": 47, "percent_covered": 100.0, "percent_covered_display": "100", "missing_lines": 0, "excluded_lines": 0}, "missing_lines": [], "excluded_lines": []}}, "classes": {"SyncJobStatus": {"executed_lines": [], "summary": {"covered_lines": 0, "num_statements": 0, "percent_covered": 100.0, "percent_covered_display": "100", "missing_lines": 0, "excluded_lines": 0}, "missing_lines": [], "excluded_lines": []}, "SyncJobTrigger": {"executed_lines": [], "summary": {"covered_lines": 0, "num_statements": 0, "percent_covered": 100.0, "percent_covered_display": "100", "missing_lines": 0, "excluded_lines": 0}, "missing_lines": [], "excluded_lines": []}, "SyncError": {"executed_lines": [], "summary": {"covered_lines": 0, "num_statements": 0, "percent_covered": 100.0, "percent_covered_display": "100", "missing_lines": 0, "excluded_lines": 0}, "missing_lines": [], "excluded_lines": []}, "SyncJob": {"executed_lines": [], "summary": {"covered_lines": 0, "num_statements": 30, "percent_covered": 0.0, "percent_covered_display": "0", "missing_lines": 30, "excluded_lines": 0}, "missing_lines": [129, 130, 138, 139, 147, 148, 149, 168, 181, 182, 183, 188, 192, 193, 194, 195, 196, 197, 204, 209, 210, 211, 212, 214, 215, 216, 217, 218, 219, 221], "excluded_lines": []}, "": {"executed_lines": [1, 6, 7, 8, 9, 11, 14, 15, 17, 18, 19, 20, 21, 24, 25, 27, 28, 31, 32, 34, 38, 42, 46, 50, 54, 60, 61, 66, 70, 74, 78, 82, 86, 92, 96, 100, 104, 108, 112, 118, 122, 127, 132, 141, 151, 178, 179, 185, 186, 190, 206, 207], "summary": {"covered_lines": 47, "num_statements": 47, "percent_covered": 100.0, "percent_covered_display": "100", "missing_lines": 0, "excluded_lines": 0}, "missing_lines": [], "excluded_lines": []}}}, "src/scheduler/__init__.py": {"executed_lines": [1, 6, 8], "summary": {"covered_lines": 2, "num_statements": 2, "percent_covered": 100.0, "percent_covered_display": "100", "missing_lines": 0, "excluded_lines": 0}, "missing_lines": [], "excluded_lines": [], "functions": {"": {"executed_lines": [1, 6, 8], "summary": {"covered_lines": 2, "num_statements": 2, "percent_covered": 100.0, "percent_covered_display": "100", "missing_lines": 0, "excluded_lines": 0}, "missing_lines": [], "excluded_lines": []}}, "classes": {"": {"executed_lines": [1, 6, 8], "summary": {"covered_lines": 2, "num_statements": 2, "percent_covered": 100.0, "percent_covered_display": "100", "missing_lines": 0, "excluded_lines": 0}, "missing_lines": [], "excluded_lines": []}}}, "src/scheduler/sync_scheduler.py": {"executed_lines": [1, 6, 7, 9, 10, 11, 12, 14, 15, 16, 17, 18, 19, 21, 24, 25, 30, 46, 47, 65, 89, 98, 121, 135, 145, 153, 238, 326, 329], "summary": {"covered_lines": 27, "num_statements": 134, "percent_covered": 20.149253731343283, "percent_covered_display": "20", "missing_lines": 107, "excluded_lines": 0}, "missing_lines": [41, 42, 43, 44, 49, 50, 63, 67, 68, 69, 72, 73, 81, 82, 83, 91, 92, 94, 95, 96, 112, 118, 119, 127, 128, 130, 131, 132, 133, 141, 147, 151, 164, 165, 166, 168, 169, 171, 178, 180, 181, 182, 183, 185, 186, 187, 189, 191, 192, 193, 194, 195, 198, 199, 200, 201, 202, 203, 204, 210, 217, 218, 220, 229, 230, 231, 232, 235, 236, 255, 258, 261, 262, 263, 267, 268, 269, 274, 277, 278, 279, 280, 281, 282, 283, 291, 292, 293, 294, 295, 296, 297, 305, 306, 307, 308, 309, 310, 311, 318, 321, 322, 342, 343, 344, 345, 350], "excluded_lines": [], "functions": {"SyncScheduler.__init__": {"executed_lines": [], "summary": {"covered_lines": 0, "num_statements": 4, "percent_covered": 0.0, "percent_covered_display": "0", "missing_lines": 4, "excluded_lines": 0}, "missing_lines": [41, 42, 43, 44], "excluded_lines": []}, "SyncScheduler.scheduler": {"executed_lines": [], "summary": {"covered_lines": 0, "num_statements": 3, "percent_covered": 0.0, "percent_covered_display": "0", "missing_lines": 3, "excluded_lines": 0}, "missing_lines": [49, 50, 63], "excluded_lines": []}, "SyncScheduler.start": {"executed_lines": [], "summary": {"covered_lines": 0, "num_statements": 8, "percent_covered": 0.0, "percent_covered_display": "0", "missing_lines": 8, "excluded_lines": 0}, "missing_lines": [67, 68, 69, 72, 73, 81, 82, 83], "excluded_lines": []}, "SyncScheduler.stop": {"executed_lines": [], "summary": {"covered_lines": 0, "num_statements": 5, "percent_covered": 0.0, "percent_covered_display": "0", "missing_lines": 5, "excluded_lines": 0}, "missing_lines": [91, 92, 94, 95, 96], "excluded_lines": []}, "SyncScheduler.trigger_sync": {"executed_lines": [], "summary": {"covered_lines": 0, "num_statements": 3, "percent_covered": 0.0, "percent_covered_display": "0", "missing_lines": 3, "excluded_lines": 0}, "missing_lines": [112, 118, 119], "excluded_lines": []}, "SyncScheduler.get_next_run": {"executed_lines": [], "summary": {"covered_lines": 0, "num_statements": 6, "percent_covered": 0.0, "percent_covered_display": "0", "missing_lines": 6, "excluded_lines": 0}, "missing_lines": [127, 128, 130, 131, 132, 133], "excluded_lines": []}, "SyncScheduler.is_running": {"executed_lines": [], "summary": {"covered_lines": 0, "num_statements": 1, "percent_covered": 0.0, "percent_covered_display": "0", "missing_lines": 1, "excluded_lines": 0}, "missing_lines": [141], "excluded_lines": []}, "SyncScheduler._run_sync_all": {"executed_lines": [], "summary": {"covered_lines": 0, "num_statements": 2, "percent_covered": 0.0, "percent_covered_display": "0", "missing_lines": 2, "excluded_lines": 0}, "missing_lines": [147, 151], "excluded_lines": []}, "SyncScheduler._execute_sync": {"executed_lines": [], "summary": {"covered_lines": 0, "num_statements": 37, "percent_covered": 0.0, "percent_covered_display": "0", "missing_lines": 37, "excluded_lines": 0}, "missing_lines": [164, 165, 166, 168, 169, 171, 178, 180, 181, 182, 183, 185, 186, 187, 189, 191, 192, 193, 194, 195, 198, 199, 200, 201, 202, 203, 204, 210, 217, 218, 220, 229, 230, 231, 232, 235, 236], "excluded_lines": []}, "SyncScheduler._sync_source": {"executed_lines": [], "summary": {"covered_lines": 0, "num_statements": 33, "percent_covered": 0.0, "percent_covered_display": "0", "missing_lines": 33, "excluded_lines": 0}, "missing_lines": [255, 258, 261, 262, 263, 267, 268, 269, 274, 277, 278, 279, 280, 281, 282, 283, 291, 292, 293, 294, 295, 296, 297, 305, 306, 307, 308, 309, 310, 311, 318, 321, 322], "excluded_lines": []}, "get_scheduler": {"executed_lines": [], "summary": {"covered_lines": 0, "num_statements": 5, "percent_covered": 0.0, "percent_covered_display": "0", "missing_lines": 5, "excluded_lines": 0}, "missing_lines": [342, 343, 344, 345, 350], "excluded_lines": []}, "": {"executed_lines": [1, 6, 7, 9, 10, 11, 12, 14, 15, 16, 17, 18, 19, 21, 24, 25, 30, 46, 47, 65, 89, 98, 121, 135, 145, 153, 238, 326, 329], "summary": {"covered_lines": 27, "num_statements": 27, "percent_covered": 100.0, "percent_covered_display": "100", "missing_lines": 0, "excluded_lines": 0}, "missing_lines": [], "excluded_lines": []}}, "classes": {"SyncScheduler": {"executed_lines": [], "summary": {"covered_lines": 0, "num_statements": 102, "percent_covered": 0.0, "percent_covered_display": "0", "missing_lines": 102, "excluded_lines": 0}, "missing_lines": [41, 42, 43, 44, 49, 50, 63, 67, 68, 69, 72, 73, 81, 82, 83, 91, 92, 94, 95, 96, 112, 118, 119, 127, 128, 130, 131, 132, 133, 141, 147, 151, 164, 165, 166, 168, 169, 171, 178, 180, 181, 182, 183, 185, 186, 187, 189, 191, 192, 193, 194, 195, 198, 199, 200, 201, 202, 203, 204, 210, 217, 218, 220, 229, 230, 231, 232, 235, 236, 255, 258, 261, 262, 263, 267, 268, 269, 274, 277, 278, 279, 280, 281, 282, 283, 291, 292, 293, 294, 295, 296, 297, 305, 306, 307, 308, 309, 310, 311, 318, 321, 322], "excluded_lines": []}, "": {"executed_lines": [1, 6, 7, 9, 10, 11, 12, 14, 15, 16, 17, 18, 19, 21, 24, 25, 30, 46, 47, 65, 89, 98, 121, 135, 145, 153, 238, 326, 329], "summary": {"covered_lines": 27, "num_statements": 32, "percent_covered": 84.375, "percent_covered_display": "84", "missing_lines": 5, "excluded_lines": 0}, "missing_lines": [342, 343, 344, 345, 350], "excluded_lines": []}}}, "src/services/__init__.py": {"executed_lines": [1, 6, 7, 8, 9, 11], "summary": {"covered_lines": 5, "num_statements": 5, "percent_covered": 100.0, "percent_covered_display": "100", "missing_lines": 0, "excluded_lines": 0}, "missing_lines": [], "excluded_lines": [], "functions": {"": {"executed_lines": [1, 6, 7, 8, 9, 11], "summary": {"covered_lines": 5, "num_statements": 5, "percent_covered": 100.0, "percent_covered_display": "100", "missing_lines": 0, "excluded_lines": 0}, "missing_lines": [], "excluded_lines": []}}, "classes": {"": {"executed_lines": [1, 6, 7, 8, 9, 11], "summary": {"covered_lines": 5, "num_statements": 5, "percent_covered": 100.0, "percent_covered_display": "100", "missing_lines": 0, "excluded_lines": 0}, "missing_lines": [], "excluded_lines": []}}}, "src/services/ai_extractor.py": {"executed_lines": [1, 6, 7, 8, 10, 11, 13, 15, 18, 19, 21, 25, 29, 33, 37, 41, 47, 72, 73, 79, 96, 97, 98, 99, 100, 101, 102, 104, 105, 107, 120, 122, 124, 125, 127, 129, 131, 134, 135, 136, 139, 142, 150, 151, 152, 154, 171, 172, 173, 174, 177, 178, 179, 182, 187, 189, 198, 199, 202, 203, 205, 212, 214, 215, 216, 218, 232, 233, 234, 235, 236, 238, 244, 245, 246, 250, 253, 261, 262, 264, 265, 266, 268, 269, 277], "summary": {"covered_lines": 82, "num_statements": 88, "percent_covered": 93.18181818181819, "percent_covered_display": "93", "missing_lines": 6, "excluded_lines": 0}, "missing_lines": [108, 109, 111, 115, 116, 137], "excluded_lines": [], "functions": {"AIExtractor.__init__": {"executed_lines": [96, 97, 98, 99, 100, 101, 102], "summary": {"covered_lines": 7, "num_statements": 7, "percent_covered": 100.0, "percent_covered_display": "100", "missing_lines": 0, "excluded_lines": 0}, "missing_lines": [], "excluded_lines": []}, "AIExtractor.client": {"executed_lines": [107, 120], "summary": {"covered_lines": 2, "num_statements": 7, "percent_covered": 28.571428571428573, "percent_covered_display": "29", "missing_lines": 5, "excluded_lines": 0}, "missing_lines": [108, 109, 111, 115, 116], "excluded_lines": []}, "AIExtractor._get_cache_key": {"executed_lines": [124, 125], "summary": {"covered_lines": 2, "num_statements": 2, "percent_covered": 100.0, "percent_covered_display": "100", "missing_lines": 0, "excluded_lines": 0}, "missing_lines": [], "excluded_lines": []}, "AIExtractor._parse_response": {"executed_lines": [129, 131, 134, 135, 136, 139, 142, 150, 151, 152], "summary": {"covered_lines": 10, "num_statements": 11, "percent_covered": 90.9090909090909, "percent_covered_display": "91", "missing_lines": 1, "excluded_lines": 0}, "missing_lines": [137], "excluded_lines": []}, "AIExtractor.extract": {"executed_lines": [171, 172, 173, 174, 177, 178, 179, 182, 187, 189, 198, 199, 202, 203, 205, 212, 214, 215, 216], "summary": {"covered_lines": 19, "num_statements": 19, "percent_covered": 100.0, "percent_covered_display": "100", "missing_lines": 0, "excluded_lines": 0}, "missing_lines": [], "excluded_lines": []}, "AIExtractor.extract_batch": {"executed_lines": [232, 233, 234, 235, 236], "summary": {"covered_lines": 5, "num_statements": 5, "percent_covered": 100.0, "percent_covered_display": "100", "missing_lines": 0, "excluded_lines": 0}, "missing_lines": [], "excluded_lines": []}, "AIExtractor.clear_cache": {"executed_lines": [244, 245, 246], "summary": {"covered_lines": 3, "num_statements": 3, "percent_covered": 100.0, "percent_covered_display": "100", "missing_lines": 0, "excluded_lines": 0}, "missing_lines": [], "excluded_lines": []}, "get_ai_extractor": {"executed_lines": [261, 262, 264, 265, 266, 268, 269, 277], "summary": {"covered_lines": 8, "num_statements": 8, "percent_covered": 100.0, "percent_covered_display": "100", "missing_lines": 0, "excluded_lines": 0}, "missing_lines": [], "excluded_lines": []}, "": {"executed_lines": [1, 6, 7, 8, 10, 11, 13, 15, 18, 19, 21, 25, 29, 33, 37, 41, 47, 72, 73, 79, 104, 105, 122, 127, 154, 218, 238, 250, 253], "summary": {"covered_lines": 26, "num_statements": 26, "percent_covered": 100.0, "percent_covered_display": "100", "missing_lines": 0, "excluded_lines": 0}, "missing_lines": [], "excluded_lines": []}}, "classes": {"ExtractedMetadata": {"executed_lines": [], "summary": {"covered_lines": 0, "num_statements": 0, "percent_covered": 100.0, "percent_covered_display": "100", "missing_lines": 0, "excluded_lines": 0}, "missing_lines": [], "excluded_lines": []}, "AIExtractor": {"executed_lines": [96, 97, 98, 99, 100, 101, 102, 107, 120, 124, 125, 129, 131, 134, 135, 136, 139, 142, 150, 151, 152, 171, 172, 173, 174, 177, 178, 179, 182, 187, 189, 198, 199, 202, 203, 205, 212, 214, 215, 216, 232, 233, 234, 235, 236, 244, 245, 246], "summary": {"covered_lines": 48, "num_statements": 54, "percent_covered": 88.88888888888889, "percent_covered_display": "89", "missing_lines": 6, "excluded_lines": 0}, "missing_lines": [108, 109, 111, 115, 116, 137], "excluded_lines": []}, "": {"executed_lines": [1, 6, 7, 8, 10, 11, 13, 15, 18, 19, 21, 25, 29, 33, 37, 41, 47, 72, 73, 79, 104, 105, 122, 127, 154, 218, 238, 250, 253, 261, 262, 264, 265, 266, 268, 269, 277], "summary": {"covered_lines": 34, "num_statements": 34, "percent_covered": 100.0, "percent_covered_display": "100", "missing_lines": 0, "excluded_lines": 0}, "missing_lines": [], "excluded_lines": []}}}, "src/services/chunker.py": {"executed_lines": [1, 7, 8, 9, 11, 13, 16, 17, 24, 41, 54, 55, 56, 58, 66, 75, 76, 78, 80, 89, 91, 92, 93, 105, 106, 108, 110, 119, 120, 121, 122, 123, 125, 139, 140, 141, 144, 145, 156, 157, 158, 159, 161, 178, 179, 180, 181, 182, 185, 194, 202, 218, 219, 222, 224, 225, 227, 229, 232, 247, 249, 250, 253, 255, 256, 260, 279, 280, 281, 283, 285, 299, 300, 301, 302, 303, 305, 319, 320, 322, 323, 324, 327, 343, 344, 345, 349, 350, 353, 368, 369, 374, 377, 396, 397, 404], "summary": {"covered_lines": 93, "num_statements": 94, "percent_covered": 98.93617021276596, "percent_covered_display": "99", "missing_lines": 1, "excluded_lines": 0}, "missing_lines": [325], "excluded_lines": [], "functions": {"Chunker.__init__": {"executed_lines": [54, 55, 56, 58], "summary": {"covered_lines": 4, "num_statements": 4, "percent_covered": 100.0, "percent_covered_display": "100", "missing_lines": 0, "excluded_lines": 0}, "missing_lines": [], "excluded_lines": []}, "Chunker.chunk_text": {"executed_lines": [75, 76, 78], "summary": {"covered_lines": 3, "num_statements": 3, "percent_covered": 100.0, "percent_covered_display": "100", "missing_lines": 0, "excluded_lines": 0}, "missing_lines": [], "excluded_lines": []}, "Chunker.chunk_document": {"executed_lines": [89, 91, 92, 93, 105, 106, 108], "summary": {"covered_lines": 7, "num_statements": 7, "percent_covered": 100.0, "percent_covered_display": "100", "missing_lines": 0, "excluded_lines": 0}, "missing_lines": [], "excluded_lines": []}, "Chunker.chunk_documents": {"executed_lines": [119, 120, 121, 122, 123], "summary": {"covered_lines": 5, "num_statements": 5, "percent_covered": 100.0, "percent_covered_display": "100", "missing_lines": 0, "excluded_lines": 0}, "missing_lines": [], "excluded_lines": []}, "Chunker._generate_chunk_id": {"executed_lines": [139, 140, 141], "summary": {"covered_lines": 3, "num_statements": 3, "percent_covered": 100.0, "percent_covered_display": "100", "missing_lines": 0, "excluded_lines": 0}, "missing_lines": [], "excluded_lines": []}, "HierarchicalChunker.__init__": {"executed_lines": [178, 179, 180, 181, 182, 185, 194], "summary": {"covered_lines": 7, "num_statements": 7, "percent_covered": 100.0, "percent_covered_display": "100", "missing_lines": 0, "excluded_lines": 0}, "missing_lines": [], "excluded_lines": []}, "HierarchicalChunker.chunk_document": {"executed_lines": [218, 219, 222, 224, 225, 227, 229, 232, 247, 249, 250, 253, 255, 256, 260, 279, 280, 281, 283], "summary": {"covered_lines": 19, "num_statements": 19, "percent_covered": 100.0, "percent_covered_display": "100", "missing_lines": 0, "excluded_lines": 0}, "missing_lines": [], "excluded_lines": []}, "HierarchicalChunker.chunk_documents": {"executed_lines": [299, 300, 301, 302, 303], "summary": {"covered_lines": 5, "num_statements": 5, "percent_covered": 100.0, "percent_covered_display": "100", "missing_lines": 0, "excluded_lines": 0}, "missing_lines": [], "excluded_lines": []}, "HierarchicalChunker.get_parent_chunk": {"executed_lines": [319, 320, 322, 323, 324], "summary": {"covered_lines": 5, "num_statements": 6, "percent_covered": 83.33333333333333, "percent_covered_display": "83", "missing_lines": 1, "excluded_lines": 0}, "missing_lines": [325], "excluded_lines": []}, "HierarchicalChunker._generate_chunk_id": {"executed_lines": [343, 344, 345], "summary": {"covered_lines": 3, "num_statements": 3, "percent_covered": 100.0, "percent_covered_display": "100", "missing_lines": 0, "excluded_lines": 0}, "missing_lines": [], "excluded_lines": []}, "get_chunker": {"executed_lines": [368, 369, 374], "summary": {"covered_lines": 3, "num_statements": 3, "percent_covered": 100.0, "percent_covered_display": "100", "missing_lines": 0, "excluded_lines": 0}, "missing_lines": [], "excluded_lines": []}, "get_hierarchical_chunker": {"executed_lines": [396, 397, 404], "summary": {"covered_lines": 3, "num_statements": 3, "percent_covered": 100.0, "percent_covered_display": "100", "missing_lines": 0, "excluded_lines": 0}, "missing_lines": [], "excluded_lines": []}, "": {"executed_lines": [1, 7, 8, 9, 11, 13, 16, 17, 24, 41, 66, 80, 110, 125, 144, 145, 156, 157, 158, 159, 161, 202, 285, 305, 327, 349, 350, 353, 377], "summary": {"covered_lines": 26, "num_statements": 26, "percent_covered": 100.0, "percent_covered_display": "100", "missing_lines": 0, "excluded_lines": 0}, "missing_lines": [], "excluded_lines": []}}, "classes": {"Chunker": {"executed_lines": [54, 55, 56, 58, 75, 76, 78, 89, 91, 92, 93, 105, 106, 108, 119, 120, 121, 122, 123, 139, 140, 141], "summary": {"covered_lines": 22, "num_statements": 22, "percent_covered": 100.0, "percent_covered_display": "100", "missing_lines": 0, "excluded_lines": 0}, "missing_lines": [], "excluded_lines": []}, "HierarchicalChunker": {"executed_lines": [178, 179, 180, 181, 182, 185, 194, 218, 219, 222, 224, 225, 227, 229, 232, 247, 249, 250, 253, 255, 256, 260, 279, 280, 281, 283, 299, 300, 301, 302, 303, 319, 320, 322, 323, 324, 343, 344, 345], "summary": {"covered_lines": 39, "num_statements": 40, "percent_covered": 97.5, "percent_covered_display": "98", "missing_lines": 1, "excluded_lines": 0}, "missing_lines": [325], "excluded_lines": []}, "": {"executed_lines": [1, 7, 8, 9, 11, 13, 16, 17, 24, 41, 66, 80, 110, 125, 144, 145, 156, 157, 158, 159, 161, 202, 285, 305, 327, 349, 350, 353, 368, 369, 374, 377, 396, 397, 404], "summary": {"covered_lines": 32, "num_statements": 32, "percent_covered": 100.0, "percent_covered_display": "100", "missing_lines": 0, "excluded_lines": 0}, "missing_lines": [], "excluded_lines": []}}}, "src/services/embedder.py": {"executed_lines": [1, 6, 8, 10, 13, 14, 19, 34, 35, 41, 42, 46, 81, 94, 97], "summary": {"covered_lines": 13, "num_statements": 31, "percent_covered": 41.935483870967744, "percent_covered_display": "42", "missing_lines": 18, "excluded_lines": 0}, "missing_lines": [30, 31, 32, 37, 38, 39, 44, 62, 63, 66, 69, 76, 77, 79, 90, 112, 113, 118], "excluded_lines": [], "functions": {"Embedder.__init__": {"executed_lines": [], "summary": {"covered_lines": 0, "num_statements": 3, "percent_covered": 0.0, "percent_covered_display": "0", "missing_lines": 3, "excluded_lines": 0}, "missing_lines": [30, 31, 32], "excluded_lines": []}, "Embedder.model": {"executed_lines": [], "summary": {"covered_lines": 0, "num_statements": 3, "percent_covered": 0.0, "percent_covered_display": "0", "missing_lines": 3, "excluded_lines": 0}, "missing_lines": [37, 38, 39], "excluded_lines": []}, "Embedder.dimension": {"executed_lines": [], "summary": {"covered_lines": 0, "num_statements": 1, "percent_covered": 0.0, "percent_covered_display": "0", "missing_lines": 1, "excluded_lines": 0}, "missing_lines": [44], "excluded_lines": []}, "Embedder.embed_chunks": {"executed_lines": [], "summary": {"covered_lines": 0, "num_statements": 7, "percent_covered": 0.0, "percent_covered_display": "0", "missing_lines": 7, "excluded_lines": 0}, "missing_lines": [62, 63, 66, 69, 76, 77, 79], "excluded_lines": []}, "Embedder.embed_query": {"executed_lines": [], "summary": {"covered_lines": 0, "num_statements": 1, "percent_covered": 0.0, "percent_covered_display": "0", "missing_lines": 1, "excluded_lines": 0}, "missing_lines": [90], "excluded_lines": []}, "get_embedder": {"executed_lines": [], "summary": {"covered_lines": 0, "num_statements": 3, "percent_covered": 0.0, "percent_covered_display": "0", "missing_lines": 3, "excluded_lines": 0}, "missing_lines": [112, 113, 118], "excluded_lines": []}, "": {"executed_lines": [1, 6, 8, 10, 13, 14, 19, 34, 35, 41, 42, 46, 81, 94, 97], "summary": {"covered_lines": 13, "num_statements": 13, "percent_covered": 100.0, "percent_covered_display": "100", "missing_lines": 0, "excluded_lines": 0}, "missing_lines": [], "excluded_lines": []}}, "classes": {"Embedder": {"executed_lines": [], "summary": {"covered_lines": 0, "num_statements": 15, "percent_covered": 0.0, "percent_covered_display": "0", "missing_lines": 15, "excluded_lines": 0}, "missing_lines": [30, 31, 32, 37, 38, 39, 44, 62, 63, 66, 69, 76, 77, 79, 90], "excluded_lines": []}, "": {"executed_lines": [1, 6, 8, 10, 13, 14, 19, 34, 35, 41, 42, 46, 81, 94, 97], "summary": {"covered_lines": 13, "num_statements": 16, "percent_covered": 81.25, "percent_covered_display": "81", "missing_lines": 3, "excluded_lines": 0}, "missing_lines": [112, 113, 118], "excluded_lines": []}}}, "src/services/indexer.py": {"executed_lines": [1, 6, 7, 9, 11, 12, 13, 14, 15, 18, 19, 33, 35, 60, 61, 62, 63, 64, 65, 66, 67, 68, 69, 71, 72, 74, 76, 78, 79, 81, 83, 85, 86, 88, 89, 90, 92, 93, 99, 100, 102, 104, 106, 107, 109, 110, 115, 124, 125, 144, 146, 147, 150, 152, 170, 173, 176, 179, 182, 184, 188, 191, 194, 197, 209, 212, 213, 215, 217, 233, 235, 241, 242, 243, 248, 249, 254, 256, 265, 270, 284, 344, 398, 410, 436, 439], "summary": {"covered_lines": 84, "num_statements": 145, "percent_covered": 57.93103448275862, "percent_covered_display": "58", "missing_lines": 61, "excluded_lines": 0}, "missing_lines": [75, 82, 95, 96, 97, 103, 111, 112, 113, 127, 128, 132, 140, 142, 180, 185, 250, 251, 252, 279, 312, 315, 318, 319, 320, 321, 322, 324, 325, 326, 327, 328, 329, 331, 332, 335, 342, 369, 379, 380, 381, 382, 385, 386, 387, 388, 389, 391, 396, 407, 408, 416, 417, 420, 426, 427, 430, 432, 450, 451, 453], "excluded_lines": [], "functions": {"Indexer.__init__": {"executed_lines": [60, 61, 62, 63, 64, 65, 66, 67, 68, 69], "summary": {"covered_lines": 10, "num_statements": 10, "percent_covered": 100.0, "percent_covered_display": "100", "missing_lines": 0, "excluded_lines": 0}, "missing_lines": [], "excluded_lines": []}, "Indexer.vector_store": {"executed_lines": [74, 76], "summary": {"covered_lines": 2, "num_statements": 3, "percent_covered": 66.66666666666667, "percent_covered_display": "67", "missing_lines": 1, "excluded_lines": 0}, "missing_lines": [75], "excluded_lines": []}, "Indexer.embedder": {"executed_lines": [81, 83], "summary": {"covered_lines": 2, "num_statements": 3, "percent_covered": 66.66666666666667, "percent_covered_display": "67", "missing_lines": 1, "excluded_lines": 0}, "missing_lines": [82], "excluded_lines": []}, "Indexer.chunker": {"executed_lines": [88, 89, 90], "summary": {"covered_lines": 3, "num_statements": 3, "percent_covered": 100.0, "percent_covered_display": "100", "missing_lines": 0, "excluded_lines": 0}, "missing_lines": [], "excluded_lines": []}, "Indexer.hierarchical_chunker": {"executed_lines": [], "summary": {"covered_lines": 0, "num_statements": 3, "percent_covered": 0.0, "percent_covered_display": "0", "missing_lines": 3, "excluded_lines": 0}, "missing_lines": [95, 96, 97], "excluded_lines": []}, "Indexer.storage": {"executed_lines": [102, 104], "summary": {"covered_lines": 2, "num_statements": 3, "percent_covered": 66.66666666666667, "percent_covered_display": "67", "missing_lines": 1, "excluded_lines": 0}, "missing_lines": [103], "excluded_lines": []}, "Indexer.ai_extractor": {"executed_lines": [109, 110], "summary": {"covered_lines": 2, "num_statements": 5, "percent_covered": 40.0, "percent_covered_display": "40", "missing_lines": 3, "excluded_lines": 0}, "missing_lines": [111, 112, 113], "excluded_lines": []}, "Indexer._extract_ai_metadata": {"executed_lines": [124, 125], "summary": {"covered_lines": 2, "num_statements": 7, "percent_covered": 28.571428571428573, "percent_covered_display": "29", "missing_lines": 5, "excluded_lines": 0}, "missing_lines": [127, 128, 132, 140, 142], "excluded_lines": []}, "Indexer.ensure_collection": {"executed_lines": [146, 147, 150], "summary": {"covered_lines": 3, "num_statements": 3, "percent_covered": 100.0, "percent_covered_display": "100", "missing_lines": 0, "excluded_lines": 0}, "missing_lines": [], "excluded_lines": []}, "Indexer.index_document": {"executed_lines": [170, 173, 176, 179, 182, 184, 188, 191, 194, 197, 209, 212, 213, 215], "summary": {"covered_lines": 14, "num_statements": 16, "percent_covered": 87.5, "percent_covered_display": "88", "missing_lines": 2, "excluded_lines": 0}, "missing_lines": [180, 185], "excluded_lines": []}, "Indexer.index_documents": {"executed_lines": [233, 235, 241, 242, 243, 248, 249, 254], "summary": {"covered_lines": 8, "num_statements": 11, "percent_covered": 72.72727272727273, "percent_covered_display": "73", "missing_lines": 3, "excluded_lines": 0}, "missing_lines": [250, 251, 252], "excluded_lines": []}, "Indexer.delete_document_chunks": {"executed_lines": [265], "summary": {"covered_lines": 1, "num_statements": 1, "percent_covered": 100.0, "percent_covered_display": "100", "missing_lines": 0, "excluded_lines": 0}, "missing_lines": [], "excluded_lines": []}, "Indexer.delete_source_chunks": {"executed_lines": [], "summary": {"covered_lines": 0, "num_statements": 1, "percent_covered": 0.0, "percent_covered_display": "0", "missing_lines": 1, "excluded_lines": 0}, "missing_lines": [279], "excluded_lines": []}, "Indexer.search": {"executed_lines": [], "summary": {"covered_lines": 0, "num_statements": 17, "percent_covered": 0.0, "percent_covered_display": "0", "missing_lines": 17, "excluded_lines
[...]
es": [], "summary": {"covered_lines": 0, "num_statements": 5, "percent_covered": 0.0, "percent_covered_display": "0", "missing_lines": 5, "excluded_lines": 0}, "missing_lines": [177, 178, 180, 181, 183], "excluded_lines": []}, "Storage.get_document": {"executed_lines": [], "summary": {"covered_lines": 0, "num_statements": 5, "percent_covered": 0.0, "percent_covered_display": "0", "missing_lines": 5, "excluded_lines": 0}, "missing_lines": [194, 195, 196, 197, 198], "excluded_lines": []}, "Storage.get_document_by_external_id": {"executed_lines": [], "summary": {"covered_lines": 0, "num_statements": 5, "percent_covered": 0.0, "percent_covered_display": "0", "missing_lines": 5, "excluded_lines": 0}, "missing_lines": [212, 213, 214, 215, 216], "excluded_lines": []}, "Storage.upsert_document": {"executed_lines": [], "summary": {"covered_lines": 0, "num_statements": 10, "percent_covered": 0.0, "percent_covered_display": "0", "missing_lines": 10, "excluded_lines": 0}, "missing_lines": [227, 229, 230, 231, 232, 233, 234, 237, 238, 239], "excluded_lines": []}, "Storage.delete_document": {"executed_lines": [], "summary": {"covered_lines": 0, "num_statements": 7, "percent_covered": 0.0, "percent_covered_display": "0", "missing_lines": 7, "excluded_lines": 0}, "missing_lines": [250, 251, 253, 255, 256, 257, 259], "excluded_lines": []}, "Storage.delete_documents_by_source": {"executed_lines": [], "summary": {"covered_lines": 0, "num_statements": 7, "percent_covered": 0.0, "percent_covered_display": "0", "missing_lines": 7, "excluded_lines": 0}, "missing_lines": [270, 271, 273, 274, 276, 277, 279], "excluded_lines": []}, "Storage._save_documents": {"executed_lines": [], "summary": {"covered_lines": 0, "num_statements": 2, "percent_covered": 0.0, "percent_covered_display": "0", "missing_lines": 2, "excluded_lines": 0}, "missing_lines": [283, 284], "excluded_lines": []}, "Storage.get_sync_history": {"executed_lines": [], "summary": {"covered_lines": 0, "num_statements": 4, "percent_covered": 0.0, "percent_covered_display": "0", "missing_lines": 4, "excluded_lines": 0}, "missing_lines": [297, 298, 301, 303], "excluded_lines": []}, "Storage.add_sync_job": {"executed_lines": [], "summary": {"covered_lines": 0, "num_statements": 5, "percent_covered": 0.0, "percent_covered_display": "0", "missing_lines": 5, "excluded_lines": 0}, "missing_lines": [314, 315, 318, 320, 321], "excluded_lines": []}, "Storage.update_sync_job": {"executed_lines": [], "summary": {"covered_lines": 0, "num_statements": 8, "percent_covered": 0.0, "percent_covered_display": "0", "missing_lines": 8, "excluded_lines": 0}, "missing_lines": [332, 333, 335, 336, 337, 338, 339, 342], "excluded_lines": []}, "Storage.get_last_sync_job": {"executed_lines": [], "summary": {"covered_lines": 0, "num_statements": 4, "percent_covered": 0.0, "percent_covered_display": "0", "missing_lines": 4, "excluded_lines": 0}, "missing_lines": [353, 355, 356, 358], "excluded_lines": []}, "Storage._save_sync_history": {"executed_lines": [], "summary": {"covered_lines": 0, "num_statements": 2, "percent_covered": 0.0, "percent_covered_display": "0", "missing_lines": 2, "excluded_lines": 0}, "missing_lines": [362, 363], "excluded_lines": []}, "Storage._load_json": {"executed_lines": [], "summary": {"covered_lines": 0, "num_statements": 7, "percent_covered": 0.0, "percent_covered_display": "0", "missing_lines": 7, "excluded_lines": 0}, "missing_lines": [377, 378, 380, 381, 382, 383, 384], "excluded_lines": []}, "Storage._save_json": {"executed_lines": [], "summary": {"covered_lines": 0, "num_statements": 2, "percent_covered": 0.0, "percent_covered_display": "0", "missing_lines": 2, "excluded_lines": 0}, "missing_lines": [393, 394], "excluded_lines": []}, "get_storage": {"executed_lines": [], "summary": {"covered_lines": 0, "num_statements": 5, "percent_covered": 0.0, "percent_covered_display": "0", "missing_lines": 5, "excluded_lines": 0}, "missing_lines": [412, 413, 415, 416, 418], "excluded_lines": []}, "": {"executed_lines": [1, 9, 10, 11, 12, 14, 17, 18, 24, 25, 26, 27, 29, 44, 53, 68, 83, 94, 116, 139, 161, 168, 185, 200, 218, 241, 261, 281, 288, 305, 323, 344, 360, 367, 386, 398, 401], "summary": {"covered_lines": 35, "num_statements": 35, "percent_covered": 100.0, "percent_covered_display": "100", "missing_lines": 0, "excluded_lines": 0}, "missing_lines": [], "excluded_lines": []}}, "classes": {"Storage": {"executed_lines": [], "summary": {"covered_lines": 0, "num_statements": 115, "percent_covered": 0.0, "percent_covered_display": "0", "missing_lines": 115, "excluded_lines": 0}, "missing_lines": [35, 36, 38, 39, 40, 50, 51, 62, 63, 64, 65, 66, 77, 78, 79, 80, 81, 92, 106, 109, 110, 112, 113, 114, 128, 130, 131, 132, 133, 134, 135, 137, 148, 149, 151, 153, 154, 156, 157, 159, 163, 164, 177, 178, 180, 181, 183, 194, 195, 196, 197, 198, 212, 213, 214, 215, 216, 227, 229, 230, 231, 232, 233, 234, 237, 238, 239, 250, 251, 253, 255, 256, 257, 259, 270, 271, 273, 274, 276, 277, 279, 283, 284, 297, 298, 301, 303, 314, 315, 318, 320, 321, 332, 333, 335, 336, 337, 338, 339, 342, 353, 355, 356, 358, 362, 363, 377, 378, 380, 381, 382, 383, 384, 393, 394], "excluded_lines": []}, "": {"executed_lines": [1, 9, 10, 11, 12, 14, 17, 18, 24, 25, 26, 27, 29, 44, 53, 68, 83, 94, 116, 139, 161, 168, 185, 200, 218, 241, 261, 281, 288, 305, 323, 344, 360, 367, 386, 398, 401], "summary": {"covered_lines": 35, "num_statements": 40, "percent_covered": 87.5, "percent_covered_display": "88", "missing_lines": 5, "excluded_lines": 0}, "missing_lines": [412, 413, 415, 416, 418], "excluded_lines": []}}}, "src/utils/__init__.py": {"executed_lines": [1, 3, 14, 23], "summary": {"covered_lines": 3, "num_statements": 3, "percent_covered": 100.0, "percent_covered_display": "100", "missing_lines": 0, "excluded_lines": 0}, "missing_lines": [], "excluded_lines": [], "functions": {"": {"executed_lines": [1, 3, 14, 23], "summary": {"covered_lines": 3, "num_statements": 3, "percent_covered": 100.0, "percent_covered_display": "100", "missing_lines": 0, "excluded_lines": 0}, "missing_lines": [], "excluded_lines": []}}, "classes": {"": {"executed_lines": [1, 3, 14, 23], "summary": {"covered_lines": 3, "num_statements": 3, "percent_covered": 100.0, "percent_covered_display": "100", "missing_lines": 0, "excluded_lines": 0}, "missing_lines": [], "excluded_lines": []}}}, "src/utils/rate_limit.py": {"executed_lines": [1, 6, 7, 8, 9, 10, 13, 14, 15, 17, 18, 19, 21, 22, 24, 27, 28, 33, 39, 40, 41, 42, 43, 45, 55, 56, 57, 60, 61, 62, 63, 69, 72, 73, 74, 75, 77, 78, 81, 82, 83, 84, 85, 87, 89, 90, 91, 95, 97, 98, 100, 101, 102, 105, 106, 111, 117, 118, 119, 120, 121, 123, 133, 134, 135, 138, 148, 149, 150, 151, 153, 154, 157, 158, 159, 161, 163, 164, 165, 169, 171, 172, 174, 175, 179, 185, 191, 198, 199, 206, 217, 218, 220, 222, 223, 226, 240, 242, 243, 244, 245, 246, 248, 251, 265, 267, 268, 269, 270, 271, 273], "summary": {"covered_lines": 106, "num_statements": 118, "percent_covered": 89.83050847457628, "percent_covered_display": "90", "missing_lines": 12, "excluded_lines": 0}, "missing_lines": [64, 65, 66, 67, 68, 139, 140, 141, 142, 143, 144, 145], "excluded_lines": [], "functions": {"RateLimitConfig.token_rate": {"executed_lines": [24], "summary": {"covered_lines": 1, "num_statements": 1, "percent_covered": 100.0, "percent_covered_display": "100", "missing_lines": 0, "excluded_lines": 0}, "missing_lines": [], "excluded_lines": []}, "TokenBucketRateLimiter.__init__": {"executed_lines": [39, 40, 41, 42, 43], "summary": {"covered_lines": 5, "num_statements": 5, "percent_covered": 100.0, "percent_covered_display": "100", "missing_lines": 0, "excluded_lines": 0}, "missing_lines": [], "excluded_lines": []}, "TokenBucketRateLimiter.acquire": {"executed_lines": [55, 56, 57, 60, 61, 62, 63, 69, 72, 73, 74, 75, 77, 78, 81, 82, 83, 84, 85], "summary": {"covered_lines": 19, "num_statements": 24, "percent_covered": 79.16666666666667, "percent_covered_display": "79", "missing_lines": 5, "excluded_lines": 0}, "missing_lines": [64, 65, 66, 67, 68], "excluded_lines": []}, "TokenBucketRateLimiter._refill": {"executed_lines": [89, 90, 91, 95], "summary": {"covered_lines": 4, "num_statements": 4, "percent_covered": 100.0, "percent_covered_display": "100", "missing_lines": 0, "excluded_lines": 0}, "missing_lines": [], "excluded_lines": []}, "TokenBucketRateLimiter.available_tokens": {"executed_lines": [100, 101, 102], "summary": {"covered_lines": 3, "num_statements": 3, "percent_covered": 100.0, "percent_covered_display": "100", "missing_lines": 0, "excluded_lines": 0}, "missing_lines": [], "excluded_lines": []}, "AsyncTokenBucketRateLimiter.__init__": {"executed_lines": [117, 118, 119, 120, 121], "summary": {"covered_lines": 5, "num_statements": 5, "percent_covered": 100.0, "percent_covered_display": "100", "missing_lines": 0, "excluded_lines": 0}, "missing_lines": [], "excluded_lines": []}, "AsyncTokenBucketRateLimiter.acquire": {"executed_lines": [133, 134, 135, 138, 148, 149, 150, 151, 153, 154, 157, 158, 159], "summary": {"covered_lines": 13, "num_statements": 20, "percent_covered": 65.0, "percent_covered_display": "65", "missing_lines": 7, "excluded_lines": 0}, "missing_lines": [139, 140, 141, 142, 143, 144, 145], "excluded_lines": []}, "AsyncTokenBucketRateLimiter._refill": {"executed_lines": [163, 164, 165, 169], "summary": {"covered_lines": 4, "num_statements": 4, "percent_covered": 100.0, "percent_covered_display": "100", "missing_lines": 0, "excluded_lines": 0}, "missing_lines": [], "excluded_lines": []}, "AsyncTokenBucketRateLimiter.available_tokens": {"executed_lines": [174, 175], "summary": {"covered_lines": 2, "num_statements": 2, "percent_covered": 100.0, "percent_covered_display": "100", "missing_lines": 0, "excluded_lines": 0}, "missing_lines": [], "excluded_lines": []}, "RateLimitedClient.__init__": {"executed_lines": [217, 218], "summary": {"covered_lines": 2, "num_statements": 2, "percent_covered": 100.0, "percent_covered_display": "100", "missing_lines": 0, "excluded_lines": 0}, "missing_lines": [], "excluded_lines": []}, "RateLimitedClient.__call__": {"executed_lines": [222, 223], "summary": {"covered_lines": 2, "num_statements": 2, "percent_covered": 100.0, "percent_covered_display": "100", "missing_lines": 0, "excluded_lines": 0}, "missing_lines": [], "excluded_lines": []}, "rate_limited": {"executed_lines": [240, 242, 248], "summary": {"covered_lines": 3, "num_statements": 3, "percent_covered": 100.0, "percent_covered_display": "100", "missing_lines": 0, "excluded_lines": 0}, "missing_lines": [], "excluded_lines": []}, "rate_limited.decorator": {"executed_lines": [243, 246], "summary": {"covered_lines": 2, "num_statements": 2, "percent_covered": 100.0, "percent_covered_display": "100", "missing_lines": 0, "excluded_lines": 0}, "missing_lines": [], "excluded_lines": []}, "rate_limited.decorator.wrapper": {"executed_lines": [244, 245], "summary": {"covered_lines": 2, "num_statements": 2, "percent_covered": 100.0, "percent_covered_display": "100", "missing_lines": 0, "excluded_lines": 0}, "missing_lines": [], "excluded_lines": []}, "async_rate_limited": {"executed_lines": [265, 267, 273], "summary": {"covered_lines": 3, "num_statements": 3, "percent_covered": 100.0, "percent_covered_display": "100", "missing_lines": 0, "excluded_lines": 0}, "missing_lines": [], "excluded_lines": []}, "async_rate_limited.decorator": {"executed_lines": [268, 271], "summary": {"covered_lines": 2, "num_statements": 2, "percent_covered": 100.0, "percent_covered_display": "100", "missing_lines": 0, "excluded_lines": 0}, "missing_lines": [], "excluded_lines": []}, "async_rate_limited.decorator.wrapper": {"executed_lines": [269, 270], "summary": {"covered_lines": 2, "num_statements": 2, "percent_covered": 100.0, "percent_covered_display": "100", "missing_lines": 0, "excluded_lines": 0}, "missing_lines": [], "excluded_lines": []}, "": {"executed_lines": [1, 6, 7, 8, 9, 10, 13, 14, 15, 17, 18, 19, 21, 22, 27, 28, 33, 45, 87, 97, 98, 105, 106, 111, 123, 161, 171, 172, 179, 185, 191, 198, 199, 206, 220, 226, 251], "summary": {"covered_lines": 32, "num_statements": 32, "percent_covered": 100.0, "percent_covered_display": "100", "missing_lines": 0, "excluded_lines": 0}, "missing_lines": [], "excluded_lines": []}}, "classes": {"RateLimitConfig": {"executed_lines": [24], "summary": {"covered_lines": 1, "num_statements": 1, "percent_covered": 100.0, "percent_covered_display": "100", "missing_lines": 0, "excluded_lines": 0}, "missing_lines": [], "excluded_lines": []}, "TokenBucketRateLimiter": {"executed_lines": [39, 40, 41, 42, 43, 55, 56, 57, 60, 61, 62, 63, 69, 72, 73, 74, 75, 77, 78, 81, 82, 83, 84, 85, 89, 90, 91, 95, 100, 101, 102], "summary": {"covered_lines": 31, "num_statements": 36, "percent_covered": 86.11111111111111, "percent_covered_display": "86", "missing_lines": 5, "excluded_lines": 0}, "missing_lines": [64, 65, 66, 67, 68], "excluded_lines": []}, "AsyncTokenBucketRateLimiter": {"executed_lines": [117, 118, 119, 120, 121, 133, 134, 135, 138, 148, 149, 150, 151, 153, 154, 157, 158, 159, 163, 164, 165, 169, 174, 175], "summary": {"covered_lines": 24, "num_statements": 31, "percent_covered": 77.41935483870968, "percent_covered_display": "77", "missing_lines": 7, "excluded_lines": 0}, "missing_lines": [139, 140, 141, 142, 143, 144, 145], "excluded_lines": []}, "RateLimitedClient": {"executed_lines": [217, 218, 222, 223], "summary": {"covered_lines": 4, "num_statements": 4, "percent_covered": 100.0, "percent_covered_display": "100", "missing_lines": 0, "excluded_lines": 0}, "missing_lines": [], "excluded_lines": []}, "": {"executed_lines": [1, 6, 7, 8, 9, 10, 13, 14, 15, 17, 18, 19, 21, 22, 27, 28, 33, 45, 87, 97, 98, 105, 106, 111, 123, 161, 171, 172, 179, 185, 191, 198, 199, 206, 220, 226, 240, 242, 243, 244, 245, 246, 248, 251, 265, 267, 268, 269, 270, 271, 273], "summary": {"covered_lines": 46, "num_statements": 46, "percent_covered": 100.0, "percent_covered_display": "100", "missing_lines": 0, "excluded_lines": 0}, "missing_lines": [], "excluded_lines": []}}}, "src/utils/retry.py": {"executed_lines": [1, 6, 7, 9, 10, 11, 26, 29, 30, 31, 33, 34, 35, 36, 37, 38, 40, 42, 46, 47, 49, 50, 55, 61, 65, 67, 74, 81, 90, 100, 106, 114, 115, 116, 117, 120, 126, 127, 128, 131, 134, 151, 154, 155, 156, 157, 160, 161, 162, 164, 167, 194, 201, 202, 203, 207, 212, 217, 218, 219, 222, 227, 232, 233, 234, 237, 242, 247, 248, 249, 252, 253, 262, 273, 283, 287, 297], "summary": {"covered_lines": 74, "num_statements": 96, "percent_covered": 77.08333333333333, "percent_covered_display": "77", "missing_lines": 22, "excluded_lines": 0}, "missing_lines": [268, 269, 270, 271, 274, 275, 276, 277, 278, 280, 281, 284, 285, 288, 289, 290, 291, 292, 294, 295, 298, 299], "excluded_lines": [], "functions": {"RetryConfig.to_tenacity_kwargs": {"executed_lines": [42, 46, 47, 49, 50, 55, 61], "summary": {"covered_lines": 7, "num_statements": 7, "percent_covered": 100.0, "percent_covered_display": "100", "missing_lines": 0, "excluded_lines": 0}, "missing_lines": [], "excluded_lines": []}, "is_retryable_http_error": {"executed_lines": [114, 115, 116, 117], "summary": {"covered_lines": 4, "num_statements": 4, "percent_covered": 100.0, "percent_covered_display": "100", "missing_lines": 0, "excluded_lines": 0}, "missing_lines": [], "excluded_lines": []}, "is_retryable_notion_error": {"executed_lines": [126, 127, 128, 131], "summary": {"covered_lines": 4, "num_statements": 4, "percent_covered": 100.0, "percent_covered_display": "100", "missing_lines": 0, "excluded_lines": 0}, "missing_lines": [], "excluded_lines": []}, "create_retry_decorator": {"executed_lines": [151, 154, 155, 156, 157, 160, 161, 162, 164], "summary": {"covered_lines": 9, "num_statements": 9, "percent_covered": 100.0, "percent_covered_display": "100", "missing_lines": 0, "excluded_lines": 0}, "missing_lines": [], "excluded_lines": []}, "with_retry": {"executed_lines": [194, 201, 202, 203], "summary": {"covered_lines": 4, "num_statements": 4, "percent_covered": 100.0, "percent_covered_display": "100", "missing_lines": 0, "excluded_lines": 0}, "missing_lines": [], "excluded_lines": []}, "notion_retry": {"executed_lines": [212, 217, 218, 219], "summary": {"covered_lines": 4, "num_statements": 4, "percent_covered": 100.0, "percent_covered_display": "100", "missing_lines": 0, "excluded_lines": 0}, "missing_lines": [], "excluded_lines": []}, "http_retry": {"executed_lines": [227, 232, 233, 234], "summary": {"covered_lines": 4, "num_statements": 4, "percent_covered": 100.0, "percent_covered_display": "100", "missing_lines": 0, "excluded_lines": 0}, "missing_lines": [], "excluded_lines": []}, "qdrant_retry": {"executed_lines": [242, 247, 248, 249], "summary": {"covered_lines": 4, "num_statements": 4, "percent_covered": 100.0, "percent_covered_display": "100", "missing_lines": 0, "excluded_lines": 0}, "missing_lines": [], "excluded_lines": []}, "RetryContext.__init__": {"executed_lines": [], "summary": {"covered_lines": 0, "num_statements": 4, "percent_covered": 0.0, "percent_covered_display": "0", "missing_lines": 4, "excluded_lines": 0}, "missing_lines": [268, 269, 270, 271], "excluded_lines": []}, "RetryContext.__enter__": {"executed_lines": [], "summary": {"covered_lines": 0, "num_statements": 7, "percent_covered": 0.0, "percent_covered_display": "0", "missing_lines": 7, "excluded_lines": 0}, "missing_lines": [274, 275, 276, 277, 278, 280, 281], "excluded_lines": []}, "RetryContext.__exit__": {"executed_lines": [], "summary": {"covered_lines": 0, "num_statements": 2, "percent_covered": 0.0, "percent_covered_display": "0", "missing_lines": 2, "excluded_lines": 0}, "missing_lines": [284, 285], "excluded_lines": []}, "RetryContext.__aenter__": {"executed_lines": [], "summary": {"covered_lines": 0, "num_statements": 7, "percent_covered": 0.0, "percent_covered_display": "0", "missing_lines": 7, "excluded_lines": 0}, "missing_lines": [288, 289, 290, 291, 292, 294, 295], "excluded_lines": []}, "RetryContext.__aexit__": {"executed_lines": [], "summary": {"covered_lines": 0, "num_statements": 2, "percent_covered": 0.0, "percent_covered_display": "0", "missing_lines": 2, "excluded_lines": 0}, "missing_lines": [298, 299], "excluded_lines": []}, "": {"executed_lines": [1, 6, 7, 9, 10, 11, 26, 29, 30, 31, 33, 34, 35, 36, 37, 38, 40, 65, 67, 74, 81, 90, 100, 106, 120, 134, 167, 207, 222, 237, 252, 253, 262, 273, 283, 287, 297], "summary": {"covered_lines": 34, "num_statements": 34, "percent_covered": 100.0, "percent_covered_display": "100", "missing_lines": 0, "excluded_lines": 0}, "missing_lines": [], "excluded_lines": []}}, "classes": {"RetryConfig": {"executed_lines": [42, 46, 47, 49, 50, 55, 61], "summary": {"covered_lines": 7, "num_statements": 7, "percent_covered": 100.0, "percent_covered_display": "100", "missing_lines": 0, "excluded_lines": 0}, "missing_lines": [], "excluded_lines": []}, "RetryContext": {"executed_lines": [], "summary": {"covered_lines": 0, "num_statements": 22, "percent_covered": 0.0, "percent_covered_display": "0", "missing_lines": 22, "excluded_lines": 0}, "missing_lines": [268, 269, 270, 271, 274, 275, 276, 277, 278, 280, 281, 284, 285, 288, 289, 290, 291, 292, 294, 295, 298, 299], "excluded_lines": []}, "": {"executed_lines": [1, 6, 7, 9, 10, 11, 26, 29, 30, 31, 33, 34, 35, 36, 37, 38, 40, 65, 67, 74, 81, 90, 100, 106, 114, 115, 116, 117, 120, 126, 127, 128, 131, 134, 151, 154, 155, 156, 157, 160, 161, 162, 164, 167, 194, 201, 202, 203, 207, 212, 217, 218, 219, 222, 227, 232, 233, 234, 237, 242, 247, 248, 249, 252, 253, 262, 273, 283, 287, 297], "summary": {"covered_lines": 67, "num_statements": 67, "percent_covered": 100.0, "percent_covered_display": "100", "missing_lines": 0, "excluded_lines": 0}, "missing_lines": [], "excluded_lines": []}}}}, "totals": {"covered_lines": 1183, "num_statements": 1902, "percent_covered": 62.197686645636175, "percent_covered_display": "62", "missing_lines": 719, "excluded_lines": 0}}